/home/jaylon42/rrc_2021_ws/src/three_wolves/install/three_wolves/lib/python3.8/site-packages/three_wolves/move_cube_env.py
/home/jaylon42/rrc_2021_ws/src/three_wolves/install/three_wolves/lib/python3.8/site-packages/three_wolves/sac_main.py
/home/jaylon42/rrc_2021_ws/src/three_wolves/install/three_wolves/lib/python3.8/site-packages/three_wolves/__init__.py
/home/jaylon42/rrc_2021_ws/src/three_wolves/install/three_wolves/lib/python3.8/site-packages/three_wolves/utils.py
/home/jaylon42/rrc_2021_ws/src/three_wolves/install/three_wolves/lib/python3.8/site-packages/trifinger_simulation/finger_types_data.py
/home/jaylon42/rrc_2021_ws/src/three_wolves/install/three_wolves/lib/python3.8/site-packages/trifinger_simulation/observation.py
/home/jaylon42/rrc_2021_ws/src/three_wolves/install/three_wolves/lib/python3.8/site-packages/trifinger_simulation/trifinger_platform.py
/home/jaylon42/rrc_2021_ws/src/three_wolves/install/three_wolves/lib/python3.8/site-packages/trifinger_simulation/sim_finger.py
/home/jaylon42/rrc_2021_ws/src/three_wolves/install/three_wolves/lib/python3.8/site-packages/trifinger_simulation/visual_objects.py
/home/jaylon42/rrc_2021_ws/src/three_wolves/install/three_wolves/lib/python3.8/site-packages/trifinger_simulation/real_finger.py
/home/jaylon42/rrc_2021_ws/src/three_wolves/install/three_wolves/lib/python3.8/site-packages/trifinger_simulation/camera.py
/home/jaylon42/rrc_2021_ws/src/three_wolves/install/three_wolves/lib/python3.8/site-packages/trifinger_simulation/trifingerpro_limits.py
/home/jaylon42/rrc_2021_ws/src/three_wolves/install/three_wolves/lib/python3.8/site-packages/trifinger_simulation/__init__.py
/home/jaylon42/rrc_2021_ws/src/three_wolves/install/three_wolves/lib/python3.8/site-packages/trifinger_simulation/action.py
/home/jaylon42/rrc_2021_ws/src/three_wolves/install/three_wolves/lib/python3.8/site-packages/trifinger_simulation/collision_objects.py
/home/jaylon42/rrc_2021_ws/src/three_wolves/install/three_wolves/lib/python3.8/site-packages/trifinger_simulation/pinocchio_utils.py
/home/jaylon42/rrc_2021_ws/src/three_wolves/install/three_wolves/lib/python3.8/site-packages/trifinger_simulation/sample.py
/home/jaylon42/rrc_2021_ws/src/three_wolves/install/three_wolves/lib/python3.8/site-packages/three_wolves/scripts/sim_trajectory.py
/home/jaylon42/rrc_2021_ws/src/three_wolves/install/three_wolves/lib/python3.8/site-packages/three_wolves/scripts/real_trajectory.py
/home/jaylon42/rrc_2021_ws/src/three_wolves/install/three_wolves/lib/python3.8/site-packages/three_wolves/scripts/__init__.py
/home/jaylon42/rrc_2021_ws/src/three_wolves/install/three_wolves/lib/python3.8/site-packages/trifinger_simulation/tasks/move_cuboid.py
/home/jaylon42/rrc_2021_ws/src/three_wolves/install/three_wolves/lib/python3.8/site-packages/trifinger_simulation/tasks/__init__.py
/home/jaylon42/rrc_2021_ws/src/three_wolves/install/three_wolves/lib/python3.8/site-packages/trifinger_simulation/gym_wrapper/data_logger.py
/home/jaylon42/rrc_2021_ws/src/three_wolves/install/three_wolves/lib/python3.8/site-packages/trifinger_simulation/gym_wrapper/finger_spaces.py
/home/jaylon42/rrc_2021_ws/src/three_wolves/install/three_wolves/lib/python3.8/site-packages/trifinger_simulation/gym_wrapper/__init__.py
/home/jaylon42/rrc_2021_ws/src/three_wolves/install/three_wolves/lib/python3.8/site-packages/trifinger_simulation/gym_wrapper/utils.py
/home/jaylon42/rrc_2021_ws/src/three_wolves/install/three_wolves/lib/python3.8/site-packages/trifinger_simulation/tasks/move_cube_on_trajectory/__main__.py
/home/jaylon42/rrc_2021_ws/src/three_wolves/install/three_wolves/lib/python3.8/site-packages/trifinger_simulation/tasks/move_cube_on_trajectory/replay_action_log.py
/home/jaylon42/rrc_2021_ws/src/three_wolves/install/three_wolves/lib/python3.8/site-packages/trifinger_simulation/tasks/move_cube_on_trajectory/run_replay.py
/home/jaylon42/rrc_2021_ws/src/three_wolves/install/three_wolves/lib/python3.8/site-packages/trifinger_simulation/tasks/move_cube_on_trajectory/__init__.py
/home/jaylon42/rrc_2021_ws/src/three_wolves/install/three_wolves/lib/python3.8/site-packages/trifinger_simulation/tasks/move_cube_on_trajectory/run_evaluate_policy.py
/home/jaylon42/rrc_2021_ws/src/three_wolves/install/three_wolves/lib/python3.8/site-packages/trifinger_simulation/tasks/move_cube_on_trajectory/evaluate_policy.py
/home/jaylon42/rrc_2021_ws/src/three_wolves/install/three_wolves/lib/python3.8/site-packages/trifinger_simulation/tasks/move_cube/__main__.py
/home/jaylon42/rrc_2021_ws/src/three_wolves/install/three_wolves/lib/python3.8/site-packages/trifinger_simulation/tasks/move_cube/replay_action_log.py
/home/jaylon42/rrc_2021_ws/src/three_wolves/install/three_wolves/lib/python3.8/site-packages/trifinger_simulation/tasks/move_cube/run_replay.py
/home/jaylon42/rrc_2021_ws/src/three_wolves/install/three_wolves/lib/python3.8/site-packages/trifinger_simulation/tasks/move_cube/__init__.py
/home/jaylon42/rrc_2021_ws/src/three_wolves/install/three_wolves/lib/python3.8/site-packages/trifinger_simulation/tasks/move_cube/run_evaluate_policy.py
/home/jaylon42/rrc_2021_ws/src/three_wolves/install/three_wolves/lib/python3.8/site-packages/trifinger_simulation/tasks/move_cube/evaluate_policy.py
/home/jaylon42/rrc_2021_ws/src/three_wolves/install/three_wolves/lib/python3.8/site-packages/trifinger_simulation/tasks/rearrange_dice/__main__.py
/home/jaylon42/rrc_2021_ws/src/three_wolves/install/three_wolves/lib/python3.8/site-packages/trifinger_simulation/tasks/rearrange_dice/__init__.py
/home/jaylon42/rrc_2021_ws/src/three_wolves/install/three_wolves/lib/python3.8/site-packages/trifinger_simulation/gym_wrapper/envs/pre_stage_env.py
/home/jaylon42/rrc_2021_ws/src/three_wolves/install/three_wolves/lib/python3.8/site-packages/trifinger_simulation/gym_wrapper/envs/trifinger_reach.py
/home/jaylon42/rrc_2021_ws/src/three_wolves/install/three_wolves/lib/python3.8/site-packages/trifinger_simulation/gym_wrapper/envs/cube_trajectory_env.py
/home/jaylon42/rrc_2021_ws/src/three_wolves/install/three_wolves/lib/python3.8/site-packages/trifinger_simulation/gym_wrapper/envs/cube_env.py
/home/jaylon42/rrc_2021_ws/src/three_wolves/install/three_wolves/lib/python3.8/site-packages/trifinger_simulation/gym_wrapper/envs/__init__.py
/home/jaylon42/rrc_2021_ws/src/three_wolves/install/three_wolves/lib/python3.8/site-packages/trifinger_simulation/gym_wrapper/envs/trifinger_push.py
/home/jaylon42/rrc_2021_ws/src/three_wolves/install/three_wolves/lib/python3.8/site-packages/three_wolves/__pycache__/move_cube_env.cpython-38.pyc
/home/jaylon42/rrc_2021_ws/src/three_wolves/install/three_wolves/lib/python3.8/site-packages/three_wolves/__pycache__/sac_main.cpython-38.pyc
/home/jaylon42/rrc_2021_ws/src/three_wolves/install/three_wolves/lib/python3.8/site-packages/three_wolves/__pycache__/__init__.cpython-38.pyc
/home/jaylon42/rrc_2021_ws/src/three_wolves/install/three_wolves/lib/python3.8/site-packages/three_wolves/__pycache__/utils.cpython-38.pyc
/home/jaylon42/rrc_2021_ws/src/three_wolves/install/three_wolves/lib/python3.8/site-packages/trifinger_simulation/__pycache__/finger_types_data.cpython-38.pyc
/home/jaylon42/rrc_2021_ws/src/three_wolves/install/three_wolves/lib/python3.8/site-packages/trifinger_simulation/__pycache__/observation.cpython-38.pyc
/home/jaylon42/rrc_2021_ws/src/three_wolves/install/three_wolves/lib/python3.8/site-packages/trifinger_simulation/__pycache__/trifinger_platform.cpython-38.pyc
/home/jaylon42/rrc_2021_ws/src/three_wolves/install/three_wolves/lib/python3.8/site-packages/trifinger_simulation/__pycache__/sim_finger.cpython-38.pyc
/home/jaylon42/rrc_2021_ws/src/three_wolves/install/three_wolves/lib/python3.8/site-packages/trifinger_simulation/__pycache__/visual_objects.cpython-38.pyc
/home/jaylon42/rrc_2021_ws/src/three_wolves/install/three_wolves/lib/python3.8/site-packages/trifinger_simulation/__pycache__/real_finger.cpython-38.pyc
/home/jaylon42/rrc_2021_ws/src/three_wolves/install/three_wolves/lib/python3.8/site-packages/trifinger_simulation/__pycache__/camera.cpython-38.pyc
/home/jaylon42/rrc_2021_ws/src/three_wolves/install/three_wolves/lib/python3.8/site-packages/trifinger_simulation/__pycache__/trifingerpro_limits.cpython-38.pyc
/home/jaylon42/rrc_2021_ws/src/three_wolves/install/three_wolves/lib/python3.8/site-packages/trifinger_simulation/__pycache__/__init__.cpython-38.pyc
/home/jaylon42/rrc_2021_ws/src/three_wolves/install/three_wolves/lib/python3.8/site-packages/trifinger_simulation/__pycache__/action.cpython-38.pyc
/home/jaylon42/rrc_2021_ws/src/three_wolves/install/three_wolves/lib/python3.8/site-packages/trifinger_simulation/__pycache__/collision_objects.cpython-38.pyc
/home/jaylon42/rrc_2021_ws/src/three_wolves/install/three_wolves/lib/python3.8/site-packages/trifinger_simulation/__pycache__/pinocchio_utils.cpython-38.pyc
/home/jaylon42/rrc_2021_ws/src/three_wolves/install/three_wolves/lib/python3.8/site-packages/trifinger_simulation/__pycache__/sample.cpython-38.pyc
/home/jaylon42/rrc_2021_ws/src/three_wolves/install/three_wolves/lib/python3.8/site-packages/three_wolves/scripts/__pycache__/sim_trajectory.cpython-38.pyc
/home/jaylon42/rrc_2021_ws/src/three_wolves/install/three_wolves/lib/python3.8/site-packages/three_wolves/scripts/__pycache__/real_trajectory.cpython-38.pyc
/home/jaylon42/rrc_2021_ws/src/three_wolves/install/three_wolves/lib/python3.8/site-packages/three_wolves/scripts/__pycache__/__init__.cpython-38.pyc
/home/jaylon42/rrc_2021_ws/src/three_wolves/install/three_wolves/lib/python3.8/site-packages/trifinger_simulation/tasks/__pycache__/move_cuboid.cpython-38.pyc
/home/jaylon42/rrc_2021_ws/src/three_wolves/install/three_wolves/lib/python3.8/site-packages/trifinger_simulation/tasks/__pycache__/__init__.cpython-38.pyc
/home/jaylon42/rrc_2021_ws/src/three_wolves/install/three_wolves/lib/python3.8/site-packages/trifinger_simulation/gym_wrapper/__pycache__/data_logger.cpython-38.pyc
/home/jaylon42/rrc_2021_ws/src/three_wolves/install/three_wolves/lib/python3.8/site-packages/trifinger_simulation/gym_wrapper/__pycache__/finger_spaces.cpython-38.pyc
/home/jaylon42/rrc_2021_ws/src/three_wolves/install/three_wolves/lib/python3.8/site-packages/trifinger_simulation/gym_wrapper/__pycache__/__init__.cpython-38.pyc
/home/jaylon42/rrc_2021_ws/src/three_wolves/install/three_wolves/lib/python3.8/site-packages/trifinger_simulation/gym_wrapper/__pycache__/utils.cpython-38.pyc
/home/jaylon42/rrc_2021_ws/src/three_wolves/install/three_wolves/lib/python3.8/site-packages/trifinger_simulation/tasks/move_cube_on_trajectory/__pycache__/__main__.cpython-38.pyc
/home/jaylon42/rrc_2021_ws/src/three_wolves/install/three_wolves/lib/python3.8/site-packages/trifinger_simulation/tasks/move_cube_on_trajectory/__pycache__/replay_action_log.cpython-38.pyc
/home/jaylon42/rrc_2021_ws/src/three_wolves/install/three_wolves/lib/python3.8/site-packages/trifinger_simulation/tasks/move_cube_on_trajectory/__pycache__/run_replay.cpython-38.pyc
/home/jaylon42/rrc_2021_ws/src/three_wolves/install/three_wolves/lib/python3.8/site-packages/trifinger_simulation/tasks/move_cube_on_trajectory/__pycache__/__init__.cpython-38.pyc
/home/jaylon42/rrc_2021_ws/src/three_wolves/install/three_wolves/lib/python3.8/site-packages/trifinger_simulation/tasks/move_cube_on_trajectory/__pycache__/run_evaluate_policy.cpython-38.pyc
/home/jaylon42/rrc_2021_ws/src/three_wolves/install/three_wolves/lib/python3.8/site-packages/trifinger_simulation/tasks/move_cube_on_trajectory/__pycache__/evaluate_policy.cpython-38.pyc
/home/jaylon42/rrc_2021_ws/src/three_wolves/install/three_wolves/lib/python3.8/site-packages/trifinger_simulation/tasks/move_cube/__pycache__/__main__.cpython-38.pyc
/home/jaylon42/rrc_2021_ws/src/three_wolves/install/three_wolves/lib/python3.8/site-packages/trifinger_simulation/tasks/move_cube/__pycache__/replay_action_log.cpython-38.pyc
/home/jaylon42/rrc_2021_ws/src/three_wolves/install/three_wolves/lib/python3.8/site-packages/trifinger_simulation/tasks/move_cube/__pycache__/run_replay.cpython-38.pyc
/home/jaylon42/rrc_2021_ws/src/three_wolves/install/three_wolves/lib/python3.8/site-packages/trifinger_simulation/tasks/move_cube/__pycache__/__init__.cpython-38.pyc
/home/jaylon42/rrc_2021_ws/src/three_wolves/install/three_wolves/lib/python3.8/site-packages/trifinger_simulation/tasks/move_cube/__pycache__/run_evaluate_policy.cpython-38.pyc
/home/jaylon42/rrc_2021_ws/src/three_wolves/install/three_wolves/lib/python3.8/site-packages/trifinger_simulation/tasks/move_cube/__pycache__/evaluate_policy.cpython-38.pyc
/home/jaylon42/rrc_2021_ws/src/three_wolves/install/three_wolves/lib/python3.8/site-packages/trifinger_simulation/tasks/rearrange_dice/__pycache__/__main__.cpython-38.pyc
/home/jaylon42/rrc_2021_ws/src/three_wolves/install/three_wolves/lib/python3.8/site-packages/trifinger_simulation/tasks/rearrange_dice/__pycache__/__init__.cpython-38.pyc
/home/jaylon42/rrc_2021_ws/src/three_wolves/install/three_wolves/lib/python3.8/site-packages/trifinger_simulation/gym_wrapper/envs/__pycache__/pre_stage_env.cpython-38.pyc
/home/jaylon42/rrc_2021_ws/src/three_wolves/install/three_wolves/lib/python3.8/site-packages/trifinger_simulation/gym_wrapper/envs/__pycache__/trifinger_reach.cpython-38.pyc
/home/jaylon42/rrc_2021_ws/src/three_wolves/install/three_wolves/lib/python3.8/site-packages/trifinger_simulation/gym_wrapper/envs/__pycache__/cube_trajectory_env.cpython-38.pyc
/home/jaylon42/rrc_2021_ws/src/three_wolves/install/three_wolves/lib/python3.8/site-packages/trifinger_simulation/gym_wrapper/envs/__pycache__/cube_env.cpython-38.pyc
/home/jaylon42/rrc_2021_ws/src/three_wolves/install/three_wolves/lib/python3.8/site-packages/trifinger_simulation/gym_wrapper/envs/__pycache__/__init__.cpython-38.pyc
/home/jaylon42/rrc_2021_ws/src/three_wolves/install/three_wolves/lib/python3.8/site-packages/trifinger_simulation/gym_wrapper/envs/__pycache__/trifinger_push.cpython-38.pyc
/home/jaylon42/rrc_2021_ws/src/three_wolves/install/three_wolves/share/ament_index/resource_index/packages/three_wolves
/home/jaylon42/rrc_2021_ws/src/three_wolves/install/three_wolves/share/three_wolves/package.xml
/home/jaylon42/rrc_2021_ws/src/three_wolves/install/three_wolves/lib/python3.8/site-packages/three_wolves-2.0.0-py3.8.egg-info/entry_points.txt
/home/jaylon42/rrc_2021_ws/src/three_wolves/install/three_wolves/lib/python3.8/site-packages/three_wolves-2.0.0-py3.8.egg-info/top_level.txt
/home/jaylon42/rrc_2021_ws/src/three_wolves/install/three_wolves/lib/python3.8/site-packages/three_wolves-2.0.0-py3.8.egg-info/dependency_links.txt
/home/jaylon42/rrc_2021_ws/src/three_wolves/install/three_wolves/lib/python3.8/site-packages/three_wolves-2.0.0-py3.8.egg-info/PKG-INFO
/home/jaylon42/rrc_2021_ws/src/three_wolves/install/three_wolves/lib/python3.8/site-packages/three_wolves-2.0.0-py3.8.egg-info/requires.txt
/home/jaylon42/rrc_2021_ws/src/three_wolves/install/three_wolves/lib/python3.8/site-packages/three_wolves-2.0.0-py3.8.egg-info/SOURCES.txt
/home/jaylon42/rrc_2021_ws/src/three_wolves/install/three_wolves/lib/python3.8/site-packages/three_wolves-2.0.0-py3.8.egg-info/zip-safe
/home/jaylon42/rrc_2021_ws/src/three_wolves/install/three_wolves/lib/three_wolves/real_trajectory
/home/jaylon42/rrc_2021_ws/src/three_wolves/install/three_wolves/lib/three_wolves/sim_trajectory
