[0.193s] Invoking command in '/home/jaylon42/rrc_2021_ws/src/three_wolves': CONDA_PROMPT_MODIFIER=(trifinger_simulation) PS1=Singularity> PYTHONPATH=/home/jaylon42/rrc_2021_ws/src/three_wolves/install/three_wolves/lib/python3.8/site-packages:${PYTHONPATH} /usr/bin/python3 setup.py egg_info --egg-base build/three_wolves build --build-base /home/jaylon42/rrc_2021_ws/src/three_wolves/build/three_wolves/build install --prefix /home/jaylon42/rrc_2021_ws/src/three_wolves/install/three_wolves --record /home/jaylon42/rrc_2021_ws/src/three_wolves/build/three_wolves/install.log --single-version-externally-managed
[0.359s] running egg_info
[0.360s] writing build/three_wolves/three_wolves.egg-info/PKG-INFO
[0.360s] writing dependency_links to build/three_wolves/three_wolves.egg-info/dependency_links.txt
[0.360s] writing entry points to build/three_wolves/three_wolves.egg-info/entry_points.txt
[0.360s] writing requirements to build/three_wolves/three_wolves.egg-info/requires.txt
[0.360s] writing top-level names to build/three_wolves/three_wolves.egg-info/top_level.txt
[0.387s] reading manifest file 'build/three_wolves/three_wolves.egg-info/SOURCES.txt'
[0.388s] writing manifest file 'build/three_wolves/three_wolves.egg-info/SOURCES.txt'
[0.388s] running build
[0.388s] running build_py
[0.390s] running install
[0.391s] running install_lib
[0.393s] running install_data
[0.394s] running install_egg_info
[0.395s] removing '/home/jaylon42/rrc_2021_ws/src/three_wolves/install/three_wolves/lib/python3.8/site-packages/three_wolves-2.0.0-py3.8.egg-info' (and everything under it)
[0.395s] Copying build/three_wolves/three_wolves.egg-info to /home/jaylon42/rrc_2021_ws/src/three_wolves/install/three_wolves/lib/python3.8/site-packages/three_wolves-2.0.0-py3.8.egg-info
[0.396s] running install_scripts
[0.409s] Installing real_trajectory script to /home/jaylon42/rrc_2021_ws/src/three_wolves/install/three_wolves/lib/three_wolves
[0.409s] Installing sim_trajectory script to /home/jaylon42/rrc_2021_ws/src/three_wolves/install/three_wolves/lib/three_wolves
[0.410s] writing list of installed files to '/home/jaylon42/rrc_2021_ws/src/three_wolves/build/three_wolves/install.log'
[0.424s] Invoked command in '/home/jaylon42/rrc_2021_ws/src/three_wolves' returned '0': CONDA_PROMPT_MODIFIER=(trifinger_simulation) PS1=Singularity> PYTHONPATH=/home/jaylon42/rrc_2021_ws/src/three_wolves/install/three_wolves/lib/python3.8/site-packages:${PYTHONPATH} /usr/bin/python3 setup.py egg_info --egg-base build/three_wolves build --build-base /home/jaylon42/rrc_2021_ws/src/three_wolves/build/three_wolves/build install --prefix /home/jaylon42/rrc_2021_ws/src/three_wolves/install/three_wolves --record /home/jaylon42/rrc_2021_ws/src/three_wolves/build/three_wolves/install.log --single-version-externally-managed
