[0.195s] Invoking command in '/home/jaylon42/rrc_2021_ws/src/three_wolves': CONDA_PROMPT_MODIFIER=(trifinger_simulation) PS1=Singularity> PYTHONPATH=/home/jaylon42/rrc_2021_ws/src/three_wolves/install/three_wolves/lib/python3.8/site-packages:${PYTHONPATH} /usr/bin/python3 setup.py egg_info --egg-base build/three_wolves build --build-base /home/jaylon42/rrc_2021_ws/src/three_wolves/build/three_wolves/build install --prefix /home/jaylon42/rrc_2021_ws/src/three_wolves/install/three_wolves --record /home/jaylon42/rrc_2021_ws/src/three_wolves/build/three_wolves/install.log --single-version-externally-managed
[0.363s] running egg_info
[0.363s] writing build/three_wolves/three_wolves.egg-info/PKG-INFO
[0.363s] writing dependency_links to build/three_wolves/three_wolves.egg-info/dependency_links.txt
[0.364s] writing entry points to build/three_wolves/three_wolves.egg-info/entry_points.txt
[0.364s] writing requirements to build/three_wolves/three_wolves.egg-info/requires.txt
[0.364s] writing top-level names to build/three_wolves/three_wolves.egg-info/top_level.txt
[0.390s] reading manifest file 'build/three_wolves/three_wolves.egg-info/SOURCES.txt'
[0.391s] writing manifest file 'build/three_wolves/three_wolves.egg-info/SOURCES.txt'
[0.392s] running build
[0.392s] running build_py
[0.392s] copying three_wolves/scripts/real_trajectory.py -> /home/jaylon42/rrc_2021_ws/src/three_wolves/build/three_wolves/build/lib/three_wolves/scripts
[0.394s] running install
[0.395s] running install_lib
[0.396s] copying /home/jaylon42/rrc_2021_ws/src/three_wolves/build/three_wolves/build/lib/three_wolves/scripts/real_trajectory.py -> /home/jaylon42/rrc_2021_ws/src/three_wolves/install/three_wolves/lib/python3.8/site-packages/three_wolves/scripts
[0.397s] byte-compiling /home/jaylon42/rrc_2021_ws/src/three_wolves/install/three_wolves/lib/python3.8/site-packages/three_wolves/scripts/real_trajectory.py to real_trajectory.cpython-38.pyc
[0.399s] running install_data
[0.399s] running install_egg_info
[0.400s] removing '/home/jaylon42/rrc_2021_ws/src/three_wolves/install/three_wolves/lib/python3.8/site-packages/three_wolves-2.0.0-py3.8.egg-info' (and everything under it)
[0.400s] Copying build/three_wolves/three_wolves.egg-info to /home/jaylon42/rrc_2021_ws/src/three_wolves/install/three_wolves/lib/python3.8/site-packages/three_wolves-2.0.0-py3.8.egg-info
[0.401s] running install_scripts
[0.414s] Installing real_trajectory script to /home/jaylon42/rrc_2021_ws/src/three_wolves/install/three_wolves/lib/three_wolves
[0.414s] Installing sim_trajectory script to /home/jaylon42/rrc_2021_ws/src/three_wolves/install/three_wolves/lib/three_wolves
[0.415s] writing list of installed files to '/home/jaylon42/rrc_2021_ws/src/three_wolves/build/three_wolves/install.log'
[0.428s] Invoked command in '/home/jaylon42/rrc_2021_ws/src/three_wolves' returned '0': CONDA_PROMPT_MODIFIER=(trifinger_simulation) PS1=Singularity> PYTHONPATH=/home/jaylon42/rrc_2021_ws/src/three_wolves/install/three_wolves/lib/python3.8/site-packages:${PYTHONPATH} /usr/bin/python3 setup.py egg_info --egg-base build/three_wolves build --build-base /home/jaylon42/rrc_2021_ws/src/three_wolves/build/three_wolves/build install --prefix /home/jaylon42/rrc_2021_ws/src/three_wolves/install/three_wolves --record /home/jaylon42/rrc_2021_ws/src/three_wolves/build/three_wolves/install.log --single-version-externally-managed
