[0.244s] DEBUG:colcon:Command line arguments: ['/usr/bin/colcon', 'build']
[0.244s] DEBUG:colcon:Parsed command line arguments: Namespace(ament_cmake_args=None, base_paths=['.'], build_base='build', catkin_cmake_args=None, catkin_skip_building_tests=False, cmake_args=None, cmake_clean_cache=False, cmake_clean_first=False, cmake_force_configure=False, cmake_target=None, cmake_target_skip_unavailable=False, continue_on_error=False, event_handlers=None, executor='parallel', ignore_user_meta=False, install_base='install', log_base=None, log_level=None, main=<bound method BuildVerb.main of <colcon_core.verb.build.BuildVerb object at 0x7f95d3b82f40>>, merge_install=False, metas=['./colcon.meta'], mixin=None, mixin_files=None, mixin_verb=('build',), packages_above=None, packages_above_and_dependencies=None, packages_above_depth=None, packages_end=None, packages_ignore=None, packages_ignore_regex=None, packages_select=None, packages_select_build_failed=False, packages_select_by_dep=None, packages_select_regex=None, packages_select_test_failures=False, packages_skip=None, packages_skip_build_finished=False, packages_skip_by_dep=None, packages_skip_regex=None, packages_skip_test_passed=False, packages_skip_up_to=None, packages_start=None, packages_up_to=None, packages_up_to_regex=None, parallel_workers=12, paths=None, symlink_install=False, test_result_base=None, verb_extension=<colcon_core.verb.build.BuildVerb object at 0x7f95d3b82f40>, verb_name='build', verb_parser=<colcon_mixin.mixin.mixin_argument.MixinArgumentDecorator object at 0x7f95d3b8f580>)
[0.248s] Level 1:colcon.colcon_core.package_discovery:discover_packages(colcon_meta) check parameters
[0.248s] Level 1:colcon.colcon_core.package_discovery:discover_packages(recursive) check parameters
[0.248s] Level 1:colcon.colcon_core.package_discovery:discover_packages(ignore) check parameters
[0.248s] Level 1:colcon.colcon_core.package_discovery:discover_packages(path) check parameters
[0.249s] Level 1:colcon.colcon_core.package_discovery:discover_packages(colcon_meta) discover
[0.249s] Level 1:colcon.colcon_core.package_discovery:discover_packages(recursive) discover
[0.249s] INFO:colcon.colcon_core.package_discovery:Crawling recursively for packages in '/home/jaylon42/rrc_2021_ws/src/three_wolves'
[0.249s] Level 1:colcon.colcon_core.package_identification:_identify(.) by extensions ['ignore', 'ignore_ament_install']
[0.249s] Level 1:colcon.colcon_core.package_identification:_identify(.) by extension 'ignore'
[0.249s] Level 1:colcon.colcon_core.package_identification:_identify(.) by extension 'ignore_ament_install'
[0.249s] Level 1:colcon.colcon_core.package_identification:_identify(.) by extensions ['colcon_pkg']
[0.249s] Level 1:colcon.colcon_core.package_identification:_identify(.) by extension 'colcon_pkg'
[0.249s] Level 1:colcon.colcon_core.package_identification:_identify(.) by extensions ['colcon_meta']
[0.249s] Level 1:colcon.colcon_core.package_identification:_identify(.) by extension 'colcon_meta'
[0.249s] Level 1:colcon.colcon_core.package_identification:_identify(.) by extensions ['ros']
[0.249s] Level 1:colcon.colcon_core.package_identification:_identify(.) by extension 'ros'
[0.260s] DEBUG:colcon.colcon_core.package_identification:Package '.' with type 'ros.ament_python' and name 'three_wolves'
[0.260s] Level 1:colcon.colcon_core.package_discovery:discover_packages(recursive) using defaults
[0.260s] Level 1:colcon.colcon_core.package_discovery:discover_packages(ignore) discover
[0.260s] Level 1:colcon.colcon_core.package_discovery:discover_packages(ignore) using defaults
[0.260s] Level 1:colcon.colcon_core.package_discovery:discover_packages(path) discover
[0.260s] Level 1:colcon.colcon_core.package_discovery:discover_packages(path) using defaults
[0.275s] Level 5:colcon.colcon_core.verb:set package 'three_wolves' build argument 'cmake_args' from command line to 'None'
[0.275s] Level 5:colcon.colcon_core.verb:set package 'three_wolves' build argument 'cmake_target' from command line to 'None'
[0.275s] Level 5:colcon.colcon_core.verb:set package 'three_wolves' build argument 'cmake_target_skip_unavailable' from command line to 'False'
[0.275s] Level 5:colcon.colcon_core.verb:set package 'three_wolves' build argument 'cmake_clean_cache' from command line to 'False'
[0.275s] Level 5:colcon.colcon_core.verb:set package 'three_wolves' build argument 'cmake_clean_first' from command line to 'False'
[0.275s] Level 5:colcon.colcon_core.verb:set package 'three_wolves' build argument 'cmake_force_configure' from command line to 'False'
[0.275s] Level 5:colcon.colcon_core.verb:set package 'three_wolves' build argument 'ament_cmake_args' from command line to 'None'
[0.275s] Level 5:colcon.colcon_core.verb:set package 'three_wolves' build argument 'catkin_cmake_args' from command line to 'None'
[0.275s] Level 5:colcon.colcon_core.verb:set package 'three_wolves' build argument 'catkin_skip_building_tests' from command line to 'False'
[0.275s] DEBUG:colcon.colcon_core.verb:Building package 'three_wolves' with the following arguments: {'ament_cmake_args': None, 'build_base': '/home/jaylon42/rrc_2021_ws/src/three_wolves/build/three_wolves', 'catkin_cmake_args': None, 'catkin_skip_building_tests': False, 'cmake_args': None, 'cmake_clean_cache': False, 'cmake_clean_first': False, 'cmake_force_configure': False, 'cmake_target': None, 'cmake_target_skip_unavailable': False, 'install_base': '/home/jaylon42/rrc_2021_ws/src/three_wolves/install/three_wolves', 'merge_install': False, 'path': '/home/jaylon42/rrc_2021_ws/src/three_wolves', 'symlink_install': False, 'test_result_base': None}
[0.275s] INFO:colcon.colcon_core.executor:Executing jobs using 'parallel' executor
[0.277s] DEBUG:colcon.colcon_parallel_executor.executor.parallel:run_until_complete
[0.277s] INFO:colcon.colcon_ros.task.ament_python.build:Building ROS package in '/home/jaylon42/rrc_2021_ws/src/three_wolves' with build type 'ament_python'
[0.277s] Level 1:colcon.colcon_core.shell:create_environment_hook('three_wolves', 'ament_prefix_path')
[0.280s] INFO:colcon.colcon_core.plugin_system:Skipping extension 'colcon_core.shell.bat': Not used on non-Windows systems
[0.280s] INFO:colcon.colcon_core.shell:Creating environment hook '/home/jaylon42/rrc_2021_ws/src/three_wolves/install/three_wolves/share/three_wolves/hook/ament_prefix_path.ps1'
[0.281s] INFO:colcon.colcon_core.shell:Creating environment descriptor '/home/jaylon42/rrc_2021_ws/src/three_wolves/install/three_wolves/share/three_wolves/hook/ament_prefix_path.dsv'
[0.281s] INFO:colcon.colcon_core.shell:Creating environment hook '/home/jaylon42/rrc_2021_ws/src/three_wolves/install/three_wolves/share/three_wolves/hook/ament_prefix_path.sh'
[0.282s] INFO:colcon.colcon_core.shell:Skip shell extension 'powershell' for command environment: Not usable outside of PowerShell
[0.282s] DEBUG:colcon.colcon_core.shell:Skip shell extension 'dsv' for command environment
[0.285s] DEBUG:colcon.colcon_core.shell:Ignoring prefix path '/opt/ros/foxy'
[0.462s] INFO:colcon.colcon_core.task.python.build:Building Python package in '/home/jaylon42/rrc_2021_ws/src/three_wolves'
[0.463s] INFO:colcon.colcon_core.shell:Skip shell extension 'powershell' for command environment: Not usable outside of PowerShell
[0.463s] DEBUG:colcon.colcon_core.shell:Skip shell extension 'dsv' for command environment
[0.466s] DEBUG:colcon.colcon_core.shell:Ignoring prefix path '/opt/ros/foxy'
[0.471s] DEBUG:colcon.colcon_core.event_handler.log_command:Invoking command in '/home/jaylon42/rrc_2021_ws/src/three_wolves': CONDA_PROMPT_MODIFIER=(trifinger_simulation) PS1=Singularity> PYTHONPATH=/home/jaylon42/rrc_2021_ws/src/three_wolves/install/three_wolves/lib/python3.8/site-packages:${PYTHONPATH} /usr/bin/python3 setup.py egg_info --egg-base build/three_wolves build --build-base /home/jaylon42/rrc_2021_ws/src/three_wolves/build/three_wolves/build install --prefix /home/jaylon42/rrc_2021_ws/src/three_wolves/install/three_wolves --record /home/jaylon42/rrc_2021_ws/src/three_wolves/build/three_wolves/install.log --single-version-externally-managed
[0.701s] DEBUG:colcon.colcon_core.event_handler.log_command:Invoked command in '/home/jaylon42/rrc_2021_ws/src/three_wolves' returned '0': CONDA_PROMPT_MODIFIER=(trifinger_simulation) PS1=Singularity> PYTHONPATH=/home/jaylon42/rrc_2021_ws/src/three_wolves/install/three_wolves/lib/python3.8/site-packages:${PYTHONPATH} /usr/bin/python3 setup.py egg_info --egg-base build/three_wolves build --build-base /home/jaylon42/rrc_2021_ws/src/three_wolves/build/three_wolves/build install --prefix /home/jaylon42/rrc_2021_ws/src/three_wolves/install/three_wolves --record /home/jaylon42/rrc_2021_ws/src/three_wolves/build/three_wolves/install.log --single-version-externally-managed
[0.704s] Level 1:colcon.colcon_core.environment:checking '/home/jaylon42/rrc_2021_ws/src/three_wolves/install/three_wolves' for CMake module files
[0.705s] Level 1:colcon.colcon_core.environment:checking '/home/jaylon42/rrc_2021_ws/src/three_wolves/install/three_wolves' for CMake config files
[0.705s] Level 1:colcon.colcon_core.environment:checking '/home/jaylon42/rrc_2021_ws/src/three_wolves/install/three_wolves/lib'
[0.706s] Level 1:colcon.colcon_core.environment:checking '/home/jaylon42/rrc_2021_ws/src/three_wolves/install/three_wolves/bin'
[0.706s] Level 1:colcon.colcon_core.environment:checking '/home/jaylon42/rrc_2021_ws/src/three_wolves/install/three_wolves/lib/pkgconfig/three_wolves.pc'
[0.706s] Level 1:colcon.colcon_core.environment:checking '/home/jaylon42/rrc_2021_ws/src/three_wolves/install/three_wolves/lib/python3.8/site-packages'
[0.706s] Level 1:colcon.colcon_core.shell:create_environment_hook('three_wolves', 'pythonpath')
[0.706s] INFO:colcon.colcon_core.shell:Creating environment hook '/home/jaylon42/rrc_2021_ws/src/three_wolves/install/three_wolves/share/three_wolves/hook/pythonpath.ps1'
[0.707s] INFO:colcon.colcon_core.shell:Creating environment descriptor '/home/jaylon42/rrc_2021_ws/src/three_wolves/install/three_wolves/share/three_wolves/hook/pythonpath.dsv'
[0.707s] INFO:colcon.colcon_core.shell:Creating environment hook '/home/jaylon42/rrc_2021_ws/src/three_wolves/install/three_wolves/share/three_wolves/hook/pythonpath.sh'
[0.707s] Level 1:colcon.colcon_core.environment:create_environment_scripts_only(three_wolves)
[0.708s] INFO:colcon.colcon_core.shell:Creating package script '/home/jaylon42/rrc_2021_ws/src/three_wolves/install/three_wolves/share/three_wolves/package.ps1'
[0.708s] INFO:colcon.colcon_core.shell:Creating package descriptor '/home/jaylon42/rrc_2021_ws/src/three_wolves/install/three_wolves/share/three_wolves/package.dsv'
[0.709s] INFO:colcon.colcon_core.shell:Creating package script '/home/jaylon42/rrc_2021_ws/src/three_wolves/install/three_wolves/share/three_wolves/package.sh'
[0.709s] INFO:colcon.colcon_core.shell:Creating package script '/home/jaylon42/rrc_2021_ws/src/three_wolves/install/three_wolves/share/three_wolves/package.bash'
[0.710s] INFO:colcon.colcon_core.shell:Creating package script '/home/jaylon42/rrc_2021_ws/src/three_wolves/install/three_wolves/share/three_wolves/package.zsh'
[0.710s] Level 1:colcon.colcon_core.environment:create_file_with_runtime_dependencies(/home/jaylon42/rrc_2021_ws/src/three_wolves/install/three_wolves/share/colcon-core/packages/three_wolves)
[0.710s] DEBUG:colcon.colcon_parallel_executor.executor.parallel:closing loop
[0.711s] DEBUG:colcon.colcon_parallel_executor.executor.parallel:loop closed
[0.711s] DEBUG:colcon.colcon_parallel_executor.executor.parallel:run_until_complete finished with '0'
[0.711s] DEBUG:colcon.colcon_core.event_reactor:joining thread
[0.716s] INFO:colcon.colcon_core.plugin_system:Skipping extension 'colcon_notification.desktop_notification.notify_send': Could not find 'notify-send'
[0.716s] INFO:colcon.colcon_core.plugin_system:Skipping extension 'colcon_notification.desktop_notification.terminal_notifier': Not used on non-Darwin systems
[0.716s] INFO:colcon.colcon_core.plugin_system:Skipping extension 'colcon_notification.desktop_notification.win32': Not used on non-Windows systems
[0.716s] INFO:colcon.colcon_notification.desktop_notification:Sending desktop notification using 'notify2'
[0.716s] DEBUG:colcon.colcon_notification.desktop_notification.notify2:Failed to initialize notify2: org.freedesktop.DBus.Error.FileNotFound: Failed to connect to socket /run/user/1000/bus: No such file or directory
[0.716s] DEBUG:colcon.colcon_core.event_reactor:joined thread
[0.717s] INFO:colcon.colcon_core.shell:Creating prefix script '/home/jaylon42/rrc_2021_ws/src/three_wolves/install/local_setup.ps1'
[0.717s] INFO:colcon.colcon_core.shell:Creating prefix util module '/home/jaylon42/rrc_2021_ws/src/three_wolves/install/_local_setup_util_ps1.py'
[0.718s] INFO:colcon.colcon_core.shell:Creating prefix chain script '/home/jaylon42/rrc_2021_ws/src/three_wolves/install/setup.ps1'
[0.721s] INFO:colcon.colcon_core.shell:Creating prefix script '/home/jaylon42/rrc_2021_ws/src/three_wolves/install/local_setup.sh'
[0.722s] INFO:colcon.colcon_core.shell:Creating prefix util module '/home/jaylon42/rrc_2021_ws/src/three_wolves/install/_local_setup_util_sh.py'
[0.722s] INFO:colcon.colcon_core.shell:Creating prefix chain script '/home/jaylon42/rrc_2021_ws/src/three_wolves/install/setup.sh'
[0.724s] INFO:colcon.colcon_core.shell:Creating prefix script '/home/jaylon42/rrc_2021_ws/src/three_wolves/install/local_setup.bash'
[0.724s] INFO:colcon.colcon_core.shell:Creating prefix chain script '/home/jaylon42/rrc_2021_ws/src/three_wolves/install/setup.bash'
[0.726s] INFO:colcon.colcon_core.shell:Creating prefix script '/home/jaylon42/rrc_2021_ws/src/three_wolves/install/local_setup.zsh'
[0.726s] INFO:colcon.colcon_core.shell:Creating prefix chain script '/home/jaylon42/rrc_2021_ws/src/three_wolves/install/setup.zsh'
