running egg_info
creating build/three_wolves/three_wolves.egg-info
writing build/three_wolves/three_wolves.egg-info/PKG-INFO
writing dependency_links to build/three_wolves/three_wolves.egg-info/dependency_links.txt
writing entry points to build/three_wolves/three_wolves.egg-info/entry_points.txt
writing requirements to build/three_wolves/three_wolves.egg-info/requires.txt
writing top-level names to build/three_wolves/three_wolves.egg-info/top_level.txt
writing manifest file 'build/three_wolves/three_wolves.egg-info/SOURCES.txt'
reading manifest file 'build/three_wolves/three_wolves.egg-info/SOURCES.txt'
writing manifest file 'build/three_wolves/three_wolves.egg-info/SOURCES.txt'
running build
running build_py
creating /home/jaylon42/rrc_2021_ws/src/three_wolves/build/three_wolves/build
creating /home/jaylon42/rrc_2021_ws/src/three_wolves/build/three_wolves/build/lib
creating /home/jaylon42/rrc_2021_ws/src/three_wolves/build/three_wolves/build/lib/three_wolves
copying three_wolves/move_cube_env.py -> /home/jaylon42/rrc_2021_ws/src/three_wolves/build/three_wolves/build/lib/three_wolves
copying three_wolves/sac_main.py -> /home/jaylon42/rrc_2021_ws/src/three_wolves/build/three_wolves/build/lib/three_wolves
copying three_wolves/__init__.py -> /home/jaylon42/rrc_2021_ws/src/three_wolves/build/three_wolves/build/lib/three_wolves
copying three_wolves/utils.py -> /home/jaylon42/rrc_2021_ws/src/three_wolves/build/three_wolves/build/lib/three_wolves
creating /home/jaylon42/rrc_2021_ws/src/three_wolves/build/three_wolves/build/lib/trifinger_simulation
copying trifinger_simulation/finger_types_data.py -> /home/jaylon42/rrc_2021_ws/src/three_wolves/build/three_wolves/build/lib/trifinger_simulation
copying trifinger_simulation/observation.py -> /home/jaylon42/rrc_2021_ws/src/three_wolves/build/three_wolves/build/lib/trifinger_simulation
copying trifinger_simulation/trifinger_platform.py -> /home/jaylon42/rrc_2021_ws/src/three_wolves/build/three_wolves/build/lib/trifinger_simulation
copying trifinger_simulation/sim_finger.py -> /home/jaylon42/rrc_2021_ws/src/three_wolves/build/three_wolves/build/lib/trifinger_simulation
copying trifinger_simulation/visual_objects.py -> /home/jaylon42/rrc_2021_ws/src/three_wolves/build/three_wolves/build/lib/trifinger_simulation
copying trifinger_simulation/real_finger.py -> /home/jaylon42/rrc_2021_ws/src/three_wolves/build/three_wolves/build/lib/trifinger_simulation
copying trifinger_simulation/camera.py -> /home/jaylon42/rrc_2021_ws/src/three_wolves/build/three_wolves/build/lib/trifinger_simulation
copying trifinger_simulation/trifingerpro_limits.py -> /home/jaylon42/rrc_2021_ws/src/three_wolves/build/three_wolves/build/lib/trifinger_simulation
copying trifinger_simulation/__init__.py -> /home/jaylon42/rrc_2021_ws/src/three_wolves/build/three_wolves/build/lib/trifinger_simulation
copying trifinger_simulation/action.py -> /home/jaylon42/rrc_2021_ws/src/three_wolves/build/three_wolves/build/lib/trifinger_simulation
copying trifinger_simulation/collision_objects.py -> /home/jaylon42/rrc_2021_ws/src/three_wolves/build/three_wolves/build/lib/trifinger_simulation
copying trifinger_simulation/pinocchio_utils.py -> /home/jaylon42/rrc_2021_ws/src/three_wolves/build/three_wolves/build/lib/trifinger_simulation
copying trifinger_simulation/sample.py -> /home/jaylon42/rrc_2021_ws/src/three_wolves/build/three_wolves/build/lib/trifinger_simulation
creating /home/jaylon42/rrc_2021_ws/src/three_wolves/build/three_wolves/build/lib/three_wolves/scripts
copying three_wolves/scripts/sim_trajectory.py -> /home/jaylon42/rrc_2021_ws/src/three_wolves/build/three_wolves/build/lib/three_wolves/scripts
copying three_wolves/scripts/real_trajectory.py -> /home/jaylon42/rrc_2021_ws/src/three_wolves/build/three_wolves/build/lib/three_wolves/scripts
copying three_wolves/scripts/__init__.py -> /home/jaylon42/rrc_2021_ws/src/three_wolves/build/three_wolves/build/lib/three_wolves/scripts
creating /home/jaylon42/rrc_2021_ws/src/three_wolves/build/three_wolves/build/lib/trifinger_simulation/tasks
copying trifinger_simulation/tasks/move_cuboid.py -> /home/jaylon42/rrc_2021_ws/src/three_wolves/build/three_wolves/build/lib/trifinger_simulation/tasks
copying trifinger_simulation/tasks/__init__.py -> /home/jaylon42/rrc_2021_ws/src/three_wolves/build/three_wolves/build/lib/trifinger_simulation/tasks
creating /home/jaylon42/rrc_2021_ws/src/three_wolves/build/three_wolves/build/lib/trifinger_simulation/gym_wrapper
copying trifinger_simulation/gym_wrapper/data_logger.py -> /home/jaylon42/rrc_2021_ws/src/three_wolves/build/three_wolves/build/lib/trifinger_simulation/gym_wrapper
copying trifinger_simulation/gym_wrapper/finger_spaces.py -> /home/jaylon42/rrc_2021_ws/src/three_wolves/build/three_wolves/build/lib/trifinger_simulation/gym_wrapper
copying trifinger_simulation/gym_wrapper/__init__.py -> /home/jaylon42/rrc_2021_ws/src/three_wolves/build/three_wolves/build/lib/trifinger_simulation/gym_wrapper
copying trifinger_simulation/gym_wrapper/utils.py -> /home/jaylon42/rrc_2021_ws/src/three_wolves/build/three_wolves/build/lib/trifinger_simulation/gym_wrapper
creating /home/jaylon42/rrc_2021_ws/src/three_wolves/build/three_wolves/build/lib/trifinger_simulation/tasks/move_cube_on_trajectory
copying trifinger_simulation/tasks/move_cube_on_trajectory/__main__.py -> /home/jaylon42/rrc_2021_ws/src/three_wolves/build/three_wolves/build/lib/trifinger_simulation/tasks/move_cube_on_trajectory
copying trifinger_simulation/tasks/move_cube_on_trajectory/replay_action_log.py -> /home/jaylon42/rrc_2021_ws/src/three_wolves/build/three_wolves/build/lib/trifinger_simulation/tasks/move_cube_on_trajectory
copying trifinger_simulation/tasks/move_cube_on_trajectory/run_replay.py -> /home/jaylon42/rrc_2021_ws/src/three_wolves/build/three_wolves/build/lib/trifinger_simulation/tasks/move_cube_on_trajectory
copying trifinger_simulation/tasks/move_cube_on_trajectory/__init__.py -> /home/jaylon42/rrc_2021_ws/src/three_wolves/build/three_wolves/build/lib/trifinger_simulation/tasks/move_cube_on_trajectory
copying trifinger_simulation/tasks/move_cube_on_trajectory/run_evaluate_policy.py -> /home/jaylon42/rrc_2021_ws/src/three_wolves/build/three_wolves/build/lib/trifinger_simulation/tasks/move_cube_on_trajectory
copying trifinger_simulation/tasks/move_cube_on_trajectory/evaluate_policy.py -> /home/jaylon42/rrc_2021_ws/src/three_wolves/build/three_wolves/build/lib/trifinger_simulation/tasks/move_cube_on_trajectory
creating /home/jaylon42/rrc_2021_ws/src/three_wolves/build/three_wolves/build/lib/trifinger_simulation/tasks/move_cube
copying trifinger_simulation/tasks/move_cube/__main__.py -> /home/jaylon42/rrc_2021_ws/src/three_wolves/build/three_wolves/build/lib/trifinger_simulation/tasks/move_cube
copying trifinger_simulation/tasks/move_cube/replay_action_log.py -> /home/jaylon42/rrc_2021_ws/src/three_wolves/build/three_wolves/build/lib/trifinger_simulation/tasks/move_cube
copying trifinger_simulation/tasks/move_cube/run_replay.py -> /home/jaylon42/rrc_2021_ws/src/three_wolves/build/three_wolves/build/lib/trifinger_simulation/tasks/move_cube
copying trifinger_simulation/tasks/move_cube/__init__.py -> /home/jaylon42/rrc_2021_ws/src/three_wolves/build/three_wolves/build/lib/trifinger_simulation/tasks/move_cube
copying trifinger_simulation/tasks/move_cube/run_evaluate_policy.py -> /home/jaylon42/rrc_2021_ws/src/three_wolves/build/three_wolves/build/lib/trifinger_simulation/tasks/move_cube
copying trifinger_simulation/tasks/move_cube/evaluate_policy.py -> /home/jaylon42/rrc_2021_ws/src/three_wolves/build/three_wolves/build/lib/trifinger_simulation/tasks/move_cube
creating /home/jaylon42/rrc_2021_ws/src/three_wolves/build/three_wolves/build/lib/trifinger_simulation/tasks/rearrange_dice
copying trifinger_simulation/tasks/rearrange_dice/__main__.py -> /home/jaylon42/rrc_2021_ws/src/three_wolves/build/three_wolves/build/lib/trifinger_simulation/tasks/rearrange_dice
copying trifinger_simulation/tasks/rearrange_dice/__init__.py -> /home/jaylon42/rrc_2021_ws/src/three_wolves/build/three_wolves/build/lib/trifinger_simulation/tasks/rearrange_dice
creating /home/jaylon42/rrc_2021_ws/src/three_wolves/build/three_wolves/build/lib/trifinger_simulation/gym_wrapper/envs
copying trifinger_simulation/gym_wrapper/envs/pre_stage_env.py -> /home/jaylon42/rrc_2021_ws/src/three_wolves/build/three_wolves/build/lib/trifinger_simulation/gym_wrapper/envs
copying trifinger_simulation/gym_wrapper/envs/trifinger_reach.py -> /home/jaylon42/rrc_2021_ws/src/three_wolves/build/three_wolves/build/lib/trifinger_simulation/gym_wrapper/envs
copying trifinger_simulation/gym_wrapper/envs/cube_trajectory_env.py -> /home/jaylon42/rrc_2021_ws/src/three_wolves/build/three_wolves/build/lib/trifinger_simulation/gym_wrapper/envs
copying trifinger_simulation/gym_wrapper/envs/cube_env.py -> /home/jaylon42/rrc_2021_ws/src/three_wolves/build/three_wolves/build/lib/trifinger_simulation/gym_wrapper/envs
copying trifinger_simulation/gym_wrapper/envs/__init__.py -> /home/jaylon42/rrc_2021_ws/src/three_wolves/build/three_wolves/build/lib/trifinger_simulation/gym_wrapper/envs
copying trifinger_simulation/gym_wrapper/envs/trifinger_push.py -> /home/jaylon42/rrc_2021_ws/src/three_wolves/build/three_wolves/build/lib/trifinger_simulation/gym_wrapper/envs
running install
running install_lib
creating /home/jaylon42/rrc_2021_ws/src/three_wolves/install/three_wolves/lib/python3.8/site-packages/three_wolves
copying /home/jaylon42/rrc_2021_ws/src/three_wolves/build/three_wolves/build/lib/three_wolves/move_cube_env.py -> /home/jaylon42/rrc_2021_ws/src/three_wolves/install/three_wolves/lib/python3.8/site-packages/three_wolves
copying /home/jaylon42/rrc_2021_ws/src/three_wolves/build/three_wolves/build/lib/three_wolves/sac_main.py -> /home/jaylon42/rrc_2021_ws/src/three_wolves/install/three_wolves/lib/python3.8/site-packages/three_wolves
copying /home/jaylon42/rrc_2021_ws/src/three_wolves/build/three_wolves/build/lib/three_wolves/__init__.py -> /home/jaylon42/rrc_2021_ws/src/three_wolves/install/three_wolves/lib/python3.8/site-packages/three_wolves
copying /home/jaylon42/rrc_2021_ws/src/three_wolves/build/three_wolves/build/lib/three_wolves/utils.py -> /home/jaylon42/rrc_2021_ws/src/three_wolves/install/three_wolves/lib/python3.8/site-packages/three_wolves
creating /home/jaylon42/rrc_2021_ws/src/three_wolves/install/three_wolves/lib/python3.8/site-packages/three_wolves/scripts
copying /home/jaylon42/rrc_2021_ws/src/three_wolves/build/three_wolves/build/lib/three_wolves/scripts/sim_trajectory.py -> /home/jaylon42/rrc_2021_ws/src/three_wolves/install/three_wolves/lib/python3.8/site-packages/three_wolves/scripts
copying /home/jaylon42/rrc_2021_ws/src/three_wolves/build/three_wolves/build/lib/three_wolves/scripts/real_trajectory.py -> /home/jaylon42/rrc_2021_ws/src/three_wolves/install/three_wolves/lib/python3.8/site-packages/three_wolves/scripts
copying /home/jaylon42/rrc_2021_ws/src/three_wolves/build/three_wolves/build/lib/three_wolves/scripts/__init__.py -> /home/jaylon42/rrc_2021_ws/src/three_wolves/install/three_wolves/lib/python3.8/site-packages/three_wolves/scripts
creating /home/jaylon42/rrc_2021_ws/src/three_wolves/install/three_wolves/lib/python3.8/site-packages/trifinger_simulation
copying /home/jaylon42/rrc_2021_ws/src/three_wolves/build/three_wolves/build/lib/trifinger_simulation/finger_types_data.py -> /home/jaylon42/rrc_2021_ws/src/three_wolves/install/three_wolves/lib/python3.8/site-packages/trifinger_simulation
copying /home/jaylon42/rrc_2021_ws/src/three_wolves/build/three_wolves/build/lib/trifinger_simulation/observation.py -> /home/jaylon42/rrc_2021_ws/src/three_wolves/install/three_wolves/lib/python3.8/site-packages/trifinger_simulation
creating /home/jaylon42/rrc_2021_ws/src/three_wolves/install/three_wolves/lib/python3.8/site-packages/trifinger_simulation/tasks
creating /home/jaylon42/rrc_2021_ws/src/three_wolves/install/three_wolves/lib/python3.8/site-packages/trifinger_simulation/tasks/move_cube_on_trajectory
copying /home/jaylon42/rrc_2021_ws/src/three_wolves/build/three_wolves/build/lib/trifinger_simulation/tasks/move_cube_on_trajectory/__main__.py -> /home/jaylon42/rrc_2021_ws/src/three_wolves/install/three_wolves/lib/python3.8/site-packages/trifinger_simulation/tasks/move_cube_on_trajectory
copying /home/jaylon42/rrc_2021_ws/src/three_wolves/build/three_wolves/build/lib/trifinger_simulation/tasks/move_cube_on_trajectory/replay_action_log.py -> /home/jaylon42/rrc_2021_ws/src/three_wolves/install/three_wolves/lib/python3.8/site-packages/trifinger_simulation/tasks/move_cube_on_trajectory
copying /home/jaylon42/rrc_2021_ws/src/three_wolves/build/three_wolves/build/lib/trifinger_simulation/tasks/move_cube_on_trajectory/run_replay.py -> /home/jaylon42/rrc_2021_ws/src/three_wolves/install/three_wolves/lib/python3.8/site-packages/trifinger_simulation/tasks/move_cube_on_trajectory
copying /home/jaylon42/rrc_2021_ws/src/three_wolves/build/three_wolves/build/lib/trifinger_simulation/tasks/move_cube_on_trajectory/__init__.py -> /home/jaylon42/rrc_2021_ws/src/three_wolves/install/three_wolves/lib/python3.8/site-packages/trifinger_simulation/tasks/move_cube_on_trajectory
copying /home/jaylon42/rrc_2021_ws/src/three_wolves/build/three_wolves/build/lib/trifinger_simulation/tasks/move_cube_on_trajectory/run_evaluate_policy.py -> /home/jaylon42/rrc_2021_ws/src/three_wolves/install/three_wolves/lib/python3.8/site-packages/trifinger_simulation/tasks/move_cube_on_trajectory
copying /home/jaylon42/rrc_2021_ws/src/three_wolves/build/three_wolves/build/lib/trifinger_simulation/tasks/move_cube_on_trajectory/evaluate_policy.py -> /home/jaylon42/rrc_2021_ws/src/three_wolves/install/three_wolves/lib/python3.8/site-packages/trifinger_simulation/tasks/move_cube_on_trajectory
copying /home/jaylon42/rrc_2021_ws/src/three_wolves/build/three_wolves/build/lib/trifinger_simulation/tasks/move_cuboid.py -> /home/jaylon42/rrc_2021_ws/src/three_wolves/install/three_wolves/lib/python3.8/site-packages/trifinger_simulation/tasks
copying /home/jaylon42/rrc_2021_ws/src/three_wolves/build/three_wolves/build/lib/trifinger_simulation/tasks/__init__.py -> /home/jaylon42/rrc_2021_ws/src/three_wolves/install/three_wolves/lib/python3.8/site-packages/trifinger_simulation/tasks
creating /home/jaylon42/rrc_2021_ws/src/three_wolves/install/three_wolves/lib/python3.8/site-packages/trifinger_simulation/tasks/move_cube
copying /home/jaylon42/rrc_2021_ws/src/three_wolves/build/three_wolves/build/lib/trifinger_simulation/tasks/move_cube/__main__.py -> /home/jaylon42/rrc_2021_ws/src/three_wolves/install/three_wolves/lib/python3.8/site-packages/trifinger_simulation/tasks/move_cube
copying /home/jaylon42/rrc_2021_ws/src/three_wolves/build/three_wolves/build/lib/trifinger_simulation/tasks/move_cube/replay_action_log.py -> /home/jaylon42/rrc_2021_ws/src/three_wolves/install/three_wolves/lib/python3.8/site-packages/trifinger_simulation/tasks/move_cube
copying /home/jaylon42/rrc_2021_ws/src/three_wolves/build/three_wolves/build/lib/trifinger_simulation/tasks/move_cube/run_replay.py -> /home/jaylon42/rrc_2021_ws/src/three_wolves/install/three_wolves/lib/python3.8/site-packages/trifinger_simulation/tasks/move_cube
copying /home/jaylon42/rrc_2021_ws/src/three_wolves/build/three_wolves/build/lib/trifinger_simulation/tasks/move_cube/__init__.py -> /home/jaylon42/rrc_2021_ws/src/three_wolves/install/three_wolves/lib/python3.8/site-packages/trifinger_simulation/tasks/move_cube
copying /home/jaylon42/rrc_2021_ws/src/three_wolves/build/three_wolves/build/lib/trifinger_simulation/tasks/move_cube/run_evaluate_policy.py -> /home/jaylon42/rrc_2021_ws/src/three_wolves/install/three_wolves/lib/python3.8/site-packages/trifinger_simulation/tasks/move_cube
copying /home/jaylon42/rrc_2021_ws/src/three_wolves/build/three_wolves/build/lib/trifinger_simulation/tasks/move_cube/evaluate_policy.py -> /home/jaylon42/rrc_2021_ws/src/three_wolves/install/three_wolves/lib/python3.8/site-packages/trifinger_simulation/tasks/move_cube
creating /home/jaylon42/rrc_2021_ws/src/three_wolves/install/three_wolves/lib/python3.8/site-packages/trifinger_simulation/tasks/rearrange_dice
copying /home/jaylon42/rrc_2021_ws/src/three_wolves/build/three_wolves/build/lib/trifinger_simulation/tasks/rearrange_dice/__main__.py -> /home/jaylon42/rrc_2021_ws/src/three_wolves/install/three_wolves/lib/python3.8/site-packages/trifinger_simulation/tasks/rearrange_dice
copying /home/jaylon42/rrc_2021_ws/src/three_wolves/build/three_wolves/build/lib/trifinger_simulation/tasks/rearrange_dice/__init__.py -> /home/jaylon42/rrc_2021_ws/src/three_wolves/install/three_wolves/lib/python3.8/site-packages/trifinger_simulation/tasks/rearrange_dice
copying /home/jaylon42/rrc_2021_ws/src/three_wolves/build/three_wolves/build/lib/trifinger_simulation/trifinger_platform.py -> /home/jaylon42/rrc_2021_ws/src/three_wolves/install/three_wolves/lib/python3.8/site-packages/trifinger_simulation
copying /home/jaylon42/rrc_2021_ws/src/three_wolves/build/three_wolves/build/lib/trifinger_simulation/sim_finger.py -> /home/jaylon42/rrc_2021_ws/src/three_wolves/install/three_wolves/lib/python3.8/site-packages/trifinger_simulation
creating /home/jaylon42/rrc_2021_ws/src/three_wolves/install/three_wolves/lib/python3.8/site-packages/trifinger_simulation/gym_wrapper
copying /home/jaylon42/rrc_2021_ws/src/three_wolves/build/three_wolves/build/lib/trifinger_simulation/gym_wrapper/data_logger.py -> /home/jaylon42/rrc_2021_ws/src/three_wolves/install/three_wolves/lib/python3.8/site-packages/trifinger_simulation/gym_wrapper
copying /home/jaylon42/rrc_2021_ws/src/three_wolves/build/three_wolves/build/lib/trifinger_simulation/gym_wrapper/finger_spaces.py -> /home/jaylon42/rrc_2021_ws/src/three_wolves/install/three_wolves/lib/python3.8/site-packages/trifinger_simulation/gym_wrapper
creating /home/jaylon42/rrc_2021_ws/src/three_wolves/install/three_wolves/lib/python3.8/site-packages/trifinger_simulation/gym_wrapper/envs
copying /home/jaylon42/rrc_2021_ws/src/three_wolves/build/three_wolves/build/lib/trifinger_simulation/gym_wrapper/envs/pre_stage_env.py -> /home/jaylon42/rrc_2021_ws/src/three_wolves/install/three_wolves/lib/python3.8/site-packages/trifinger_simulation/gym_wrapper/envs
copying /home/jaylon42/rrc_2021_ws/src/three_wolves/build/three_wolves/build/lib/trifinger_simulation/gym_wrapper/envs/trifinger_reach.py -> /home/jaylon42/rrc_2021_ws/src/three_wolves/install/three_wolves/lib/python3.8/site-packages/trifinger_simulation/gym_wrapper/envs
copying /home/jaylon42/rrc_2021_ws/src/three_wolves/build/three_wolves/build/lib/trifinger_simulation/gym_wrapper/envs/cube_trajectory_env.py -> /home/jaylon42/rrc_2021_ws/src/three_wolves/install/three_wolves/lib/python3.8/site-packages/trifinger_simulation/gym_wrapper/envs
copying /home/jaylon42/rrc_2021_ws/src/three_wolves/build/three_wolves/build/lib/trifinger_simulation/gym_wrapper/envs/cube_env.py -> /home/jaylon42/rrc_2021_ws/src/three_wolves/install/three_wolves/lib/python3.8/site-packages/trifinger_simulation/gym_wrapper/envs
copying /home/jaylon42/rrc_2021_ws/src/three_wolves/build/three_wolves/build/lib/trifinger_simulation/gym_wrapper/envs/__init__.py -> /home/jaylon42/rrc_2021_ws/src/three_wolves/install/three_wolves/lib/python3.8/site-packages/trifinger_simulation/gym_wrapper/envs
copying /home/jaylon42/rrc_2021_ws/src/three_wolves/build/three_wolves/build/lib/trifinger_simulation/gym_wrapper/envs/trifinger_push.py -> /home/jaylon42/rrc_2021_ws/src/three_wolves/install/three_wolves/lib/python3.8/site-packages/trifinger_simulation/gym_wrapper/envs
copying /home/jaylon42/rrc_2021_ws/src/three_wolves/build/three_wolves/build/lib/trifinger_simulation/gym_wrapper/__init__.py -> /home/jaylon42/rrc_2021_ws/src/three_wolves/install/three_wolves/lib/python3.8/site-packages/trifinger_simulation/gym_wrapper
copying /home/jaylon42/rrc_2021_ws/src/three_wolves/build/three_wolves/build/lib/trifinger_simulation/gym_wrapper/utils.py -> /home/jaylon42/rrc_2021_ws/src/three_wolves/install/three_wolves/lib/python3.8/site-packages/trifinger_simulation/gym_wrapper
copying /home/jaylon42/rrc_2021_ws/src/three_wolves/build/three_wolves/build/lib/trifinger_simulation/visual_objects.py -> /home/jaylon42/rrc_2021_ws/src/three_wolves/install/three_wolves/lib/python3.8/site-packages/trifinger_simulation
copying /home/jaylon42/rrc_2021_ws/src/three_wolves/build/three_wolves/build/lib/trifinger_simulation/real_finger.py -> /home/jaylon42/rrc_2021_ws/src/three_wolves/install/three_wolves/lib/python3.8/site-packages/trifinger_simulation
copying /home/jaylon42/rrc_2021_ws/src/three_wolves/build/three_wolves/build/lib/trifinger_simulation/camera.py -> /home/jaylon42/rrc_2021_ws/src/three_wolves/install/three_wolves/lib/python3.8/site-packages/trifinger_simulation
copying /home/jaylon42/rrc_2021_ws/src/three_wolves/build/three_wolves/build/lib/trifinger_simulation/trifingerpro_limits.py -> /home/jaylon42/rrc_2021_ws/src/three_wolves/install/three_wolves/lib/python3.8/site-packages/trifinger_simulation
copying /home/jaylon42/rrc_2021_ws/src/three_wolves/build/three_wolves/build/lib/trifinger_simulation/__init__.py -> /home/jaylon42/rrc_2021_ws/src/three_wolves/install/three_wolves/lib/python3.8/site-packages/trifinger_simulation
copying /home/jaylon42/rrc_2021_ws/src/three_wolves/build/three_wolves/build/lib/trifinger_simulation/action.py -> /home/jaylon42/rrc_2021_ws/src/three_wolves/install/three_wolves/lib/python3.8/site-packages/trifinger_simulation
copying /home/jaylon42/rrc_2021_ws/src/three_wolves/build/three_wolves/build/lib/trifinger_simulation/collision_objects.py -> /home/jaylon42/rrc_2021_ws/src/three_wolves/install/three_wolves/lib/python3.8/site-packages/trifinger_simulation
copying /home/jaylon42/rrc_2021_ws/src/three_wolves/build/three_wolves/build/lib/trifinger_simulation/pinocchio_utils.py -> /home/jaylon42/rrc_2021_ws/src/three_wolves/install/three_wolves/lib/python3.8/site-packages/trifinger_simulation
copying /home/jaylon42/rrc_2021_ws/src/three_wolves/build/three_wolves/build/lib/trifinger_simulation/sample.py -> /home/jaylon42/rrc_2021_ws/src/three_wolves/install/three_wolves/lib/python3.8/site-packages/trifinger_simulation
byte-compiling /home/jaylon42/rrc_2021_ws/src/three_wolves/install/three_wolves/lib/python3.8/site-packages/three_wolves/move_cube_env.py to move_cube_env.cpython-38.pyc
byte-compiling /home/jaylon42/rrc_2021_ws/src/three_wolves/install/three_wolves/lib/python3.8/site-packages/three_wolves/sac_main.py to sac_main.cpython-38.pyc
byte-compiling /home/jaylon42/rrc_2021_ws/src/three_wolves/install/three_wolves/lib/python3.8/site-packages/three_wolves/__init__.py to __init__.cpython-38.pyc
byte-compiling /home/jaylon42/rrc_2021_ws/src/three_wolves/install/three_wolves/lib/python3.8/site-packages/three_wolves/utils.py to utils.cpython-38.pyc
byte-compiling /home/jaylon42/rrc_2021_ws/src/three_wolves/install/three_wolves/lib/python3.8/site-packages/three_wolves/scripts/sim_trajectory.py to sim_trajectory.cpython-38.pyc
byte-compiling /home/jaylon42/rrc_2021_ws/src/three_wolves/install/three_wolves/lib/python3.8/site-packages/three_wolves/scripts/real_trajectory.py to real_trajectory.cpython-38.pyc
byte-compiling /home/jaylon42/rrc_2021_ws/src/three_wolves/install/three_wolves/lib/python3.8/site-packages/three_wolves/scripts/__init__.py to __init__.cpython-38.pyc
byte-compiling /home/jaylon42/rrc_2021_ws/src/three_wolves/install/three_wolves/lib/python3.8/site-packages/trifinger_simulation/finger_types_data.py to finger_types_data.cpython-38.pyc
byte-compiling /home/jaylon42/rrc_2021_ws/src/three_wolves/install/three_wolves/lib/python3.8/site-packages/trifinger_simulation/observation.py to observation.cpython-38.pyc
byte-compiling /home/jaylon42/rrc_2021_ws/src/three_wolves/install/three_wolves/lib/python3.8/site-packages/trifinger_simulation/tasks/move_cube_on_trajectory/__main__.py to __main__.cpython-38.pyc
byte-compiling /home/jaylon42/rrc_2021_ws/src/three_wolves/install/three_wolves/lib/python3.8/site-packages/trifinger_simulation/tasks/move_cube_on_trajectory/replay_action_log.py to replay_action_log.cpython-38.pyc
byte-compiling /home/jaylon42/rrc_2021_ws/src/three_wolves/install/three_wolves/lib/python3.8/site-packages/trifinger_simulation/tasks/move_cube_on_trajectory/run_replay.py to run_replay.cpython-38.pyc
byte-compiling /home/jaylon42/rrc_2021_ws/src/three_wolves/install/three_wolves/lib/python3.8/site-packages/trifinger_simulation/tasks/move_cube_on_trajectory/__init__.py to __init__.cpython-38.pyc
byte-compiling /home/jaylon42/rrc_2021_ws/src/three_wolves/install/three_wolves/lib/python3.8/site-packages/trifinger_simulation/tasks/move_cube_on_trajectory/run_evaluate_policy.py to run_evaluate_policy.cpython-38.pyc
byte-compiling /home/jaylon42/rrc_2021_ws/src/three_wolves/install/three_wolves/lib/python3.8/site-packages/trifinger_simulation/tasks/move_cube_on_trajectory/evaluate_policy.py to evaluate_policy.cpython-38.pyc
byte-compiling /home/jaylon42/rrc_2021_ws/src/three_wolves/install/three_wolves/lib/python3.8/site-packages/trifinger_simulation/tasks/move_cuboid.py to move_cuboid.cpython-38.pyc
byte-compiling /home/jaylon42/rrc_2021_ws/src/three_wolves/install/three_wolves/lib/python3.8/site-packages/trifinger_simulation/tasks/__init__.py to __init__.cpython-38.pyc
byte-compiling /home/jaylon42/rrc_2021_ws/src/three_wolves/install/three_wolves/lib/python3.8/site-packages/trifinger_simulation/tasks/move_cube/__main__.py to __main__.cpython-38.pyc
byte-compiling /home/jaylon42/rrc_2021_ws/src/three_wolves/install/three_wolves/lib/python3.8/site-packages/trifinger_simulation/tasks/move_cube/replay_action_log.py to replay_action_log.cpython-38.pyc
byte-compiling /home/jaylon42/rrc_2021_ws/src/three_wolves/install/three_wolves/lib/python3.8/site-packages/trifinger_simulation/tasks/move_cube/run_replay.py to run_replay.cpython-38.pyc
byte-compiling /home/jaylon42/rrc_2021_ws/src/three_wolves/install/three_wolves/lib/python3.8/site-packages/trifinger_simulation/tasks/move_cube/__init__.py to __init__.cpython-38.pyc
byte-compiling /home/jaylon42/rrc_2021_ws/src/three_wolves/install/three_wolves/lib/python3.8/site-packages/trifinger_simulation/tasks/move_cube/run_evaluate_policy.py to run_evaluate_policy.cpython-38.pyc
byte-compiling /home/jaylon42/rrc_2021_ws/src/three_wolves/install/three_wolves/lib/python3.8/site-packages/trifinger_simulation/tasks/move_cube/evaluate_policy.py to evaluate_policy.cpython-38.pyc
byte-compiling /home/jaylon42/rrc_2021_ws/src/three_wolves/install/three_wolves/lib/python3.8/site-packages/trifinger_simulation/tasks/rearrange_dice/__main__.py to __main__.cpython-38.pyc
byte-compiling /home/jaylon42/rrc_2021_ws/src/three_wolves/install/three_wolves/lib/python3.8/site-packages/trifinger_simulation/tasks/rearrange_dice/__init__.py to __init__.cpython-38.pyc
byte-compiling /home/jaylon42/rrc_2021_ws/src/three_wolves/install/three_wolves/lib/python3.8/site-packages/trifinger_simulation/trifinger_platform.py to trifinger_platform.cpython-38.pyc
byte-compiling /home/jaylon42/rrc_2021_ws/src/three_wolves/install/three_wolves/lib/python3.8/site-packages/trifinger_simulation/sim_finger.py to sim_finger.cpython-38.pyc
byte-compiling /home/jaylon42/rrc_2021_ws/src/three_wolves/install/three_wolves/lib/python3.8/site-packages/trifinger_simulation/gym_wrapper/data_logger.py to data_logger.cpython-38.pyc
byte-compiling /home/jaylon42/rrc_2021_ws/src/three_wolves/install/three_wolves/lib/python3.8/site-packages/trifinger_simulation/gym_wrapper/finger_spaces.py to finger_spaces.cpython-38.pyc
byte-compiling /home/jaylon42/rrc_2021_ws/src/three_wolves/install/three_wolves/lib/python3.8/site-packages/trifinger_simulation/gym_wrapper/envs/pre_stage_env.py to pre_stage_env.cpython-38.pyc
byte-compiling /home/jaylon42/rrc_2021_ws/src/three_wolves/install/three_wolves/lib/python3.8/site-packages/trifinger_simulation/gym_wrapper/envs/trifinger_reach.py to trifinger_reach.cpython-38.pyc
byte-compiling /home/jaylon42/rrc_2021_ws/src/three_wolves/install/three_wolves/lib/python3.8/site-packages/trifinger_simulation/gym_wrapper/envs/cube_trajectory_env.py to cube_trajectory_env.cpython-38.pyc
byte-compiling /home/jaylon42/rrc_2021_ws/src/three_wolves/install/three_wolves/lib/python3.8/site-packages/trifinger_simulation/gym_wrapper/envs/cube_env.py to cube_env.cpython-38.pyc
byte-compiling /home/jaylon42/rrc_2021_ws/src/three_wolves/install/three_wolves/lib/python3.8/site-packages/trifinger_simulation/gym_wrapper/envs/__init__.py to __init__.cpython-38.pyc
byte-compiling /home/jaylon42/rrc_2021_ws/src/three_wolves/install/three_wolves/lib/python3.8/site-packages/trifinger_simulation/gym_wrapper/envs/trifinger_push.py to trifinger_push.cpython-38.pyc
byte-compiling /home/jaylon42/rrc_2021_ws/src/three_wolves/install/three_wolves/lib/python3.8/site-packages/trifinger_simulation/gym_wrapper/__init__.py to __init__.cpython-38.pyc
byte-compiling /home/jaylon42/rrc_2021_ws/src/three_wolves/install/three_wolves/lib/python3.8/site-packages/trifinger_simulation/gym_wrapper/utils.py to utils.cpython-38.pyc
byte-compiling /home/jaylon42/rrc_2021_ws/src/three_wolves/install/three_wolves/lib/python3.8/site-packages/trifinger_simulation/visual_objects.py to visual_objects.cpython-38.pyc
byte-compiling /home/jaylon42/rrc_2021_ws/src/three_wolves/install/three_wolves/lib/python3.8/site-packages/trifinger_simulation/real_finger.py to real_finger.cpython-38.pyc
byte-compiling /home/jaylon42/rrc_2021_ws/src/three_wolves/install/three_wolves/lib/python3.8/site-packages/trifinger_simulation/camera.py to camera.cpython-38.pyc
byte-compiling /home/jaylon42/rrc_2021_ws/src/three_wolves/install/three_wolves/lib/python3.8/site-packages/trifinger_simulation/trifingerpro_limits.py to trifingerpro_limits.cpython-38.pyc
byte-compiling /home/jaylon42/rrc_2021_ws/src/three_wolves/install/three_wolves/lib/python3.8/site-packages/trifinger_simulation/__init__.py to __init__.cpython-38.pyc
byte-compiling /home/jaylon42/rrc_2021_ws/src/three_wolves/install/three_wolves/lib/python3.8/site-packages/trifinger_simulation/action.py to action.cpython-38.pyc
byte-compiling /home/jaylon42/rrc_2021_ws/src/three_wolves/install/three_wolves/lib/python3.8/site-packages/trifinger_simulation/collision_objects.py to collision_objects.cpython-38.pyc
byte-compiling /home/jaylon42/rrc_2021_ws/src/three_wolves/install/three_wolves/lib/python3.8/site-packages/trifinger_simulation/pinocchio_utils.py to pinocchio_utils.cpython-38.pyc
byte-compiling /home/jaylon42/rrc_2021_ws/src/three_wolves/install/three_wolves/lib/python3.8/site-packages/trifinger_simulation/sample.py to sample.cpython-38.pyc
running install_data
creating /home/jaylon42/rrc_2021_ws/src/three_wolves/install/three_wolves/share/ament_index
creating /home/jaylon42/rrc_2021_ws/src/three_wolves/install/three_wolves/share/ament_index/resource_index
creating /home/jaylon42/rrc_2021_ws/src/three_wolves/install/three_wolves/share/ament_index/resource_index/packages
copying resource/three_wolves -> /home/jaylon42/rrc_2021_ws/src/three_wolves/install/three_wolves/share/ament_index/resource_index/packages
copying package.xml -> /home/jaylon42/rrc_2021_ws/src/three_wolves/install/three_wolves/share/three_wolves
running install_egg_info
Copying build/three_wolves/three_wolves.egg-info to /home/jaylon42/rrc_2021_ws/src/three_wolves/install/three_wolves/lib/python3.8/site-packages/three_wolves-2.0.0-py3.8.egg-info
running install_scripts
Installing real_trajectory_example_with_gym script to /home/jaylon42/rrc_2021_ws/src/three_wolves/install/three_wolves/lib/three_wolves
Installing sim_cube_trajectory_test script to /home/jaylon42/rrc_2021_ws/src/three_wolves/install/three_wolves/lib/three_wolves
Installing sim_trajectory_example_with_gym script to /home/jaylon42/rrc_2021_ws/src/three_wolves/install/three_wolves/lib/three_wolves
writing list of installed files to '/home/jaylon42/rrc_2021_ws/src/three_wolves/build/three_wolves/install.log'
