[0.203s] Invoking command in '/home/jaylon42/rrc_2021_ws/src/three_wolves': CONDA_PROMPT_MODIFIER=(trifinger_simulation) PS1=Singularity> PYTHONPATH=/home/jaylon42/rrc_2021_ws/src/three_wolves/install/three_wolves/lib/python3.8/site-packages:${PYTHONPATH} /usr/bin/python3 setup.py egg_info --egg-base build/three_wolves build --build-base /home/jaylon42/rrc_2021_ws/src/three_wolves/build/three_wolves/build install --prefix /home/jaylon42/rrc_2021_ws/src/three_wolves/install/three_wolves --record /home/jaylon42/rrc_2021_ws/src/three_wolves/build/three_wolves/install.log --single-version-externally-managed
[0.393s] running egg_info
[0.393s] creating build/three_wolves/three_wolves.egg-info
[0.393s] writing build/three_wolves/three_wolves.egg-info/PKG-INFO
[0.393s] writing dependency_links to build/three_wolves/three_wolves.egg-info/dependency_links.txt
[0.393s] writing entry points to build/three_wolves/three_wolves.egg-info/entry_points.txt
[0.393s] writing requirements to build/three_wolves/three_wolves.egg-info/requires.txt
[0.393s] writing top-level names to build/three_wolves/three_wolves.egg-info/top_level.txt
[0.396s] writing manifest file 'build/three_wolves/three_wolves.egg-info/SOURCES.txt'
[0.426s] reading manifest file 'build/three_wolves/three_wolves.egg-info/SOURCES.txt'
[0.427s] writing manifest file 'build/three_wolves/three_wolves.egg-info/SOURCES.txt'
[0.427s] running build
[0.427s] running build_py
[0.427s] creating /home/jaylon42/rrc_2021_ws/src/three_wolves/build/three_wolves/build
[0.427s] creating /home/jaylon42/rrc_2021_ws/src/three_wolves/build/three_wolves/build/lib
[0.427s] creating /home/jaylon42/rrc_2021_ws/src/three_wolves/build/three_wolves/build/lib/three_wolves
[0.427s] copying three_wolves/move_cube_env.py -> /home/jaylon42/rrc_2021_ws/src/three_wolves/build/three_wolves/build/lib/three_wolves
[0.427s] copying three_wolves/sac_main.py -> /home/jaylon42/rrc_2021_ws/src/three_wolves/build/three_wolves/build/lib/three_wolves
[0.433s] copying three_wolves/__init__.py -> /home/jaylon42/rrc_2021_ws/src/three_wolves/build/three_wolves/build/lib/three_wolves
[0.433s] copying three_wolves/utils.py -> /home/jaylon42/rrc_2021_ws/src/three_wolves/build/three_wolves/build/lib/three_wolves
[0.442s] creating /home/jaylon42/rrc_2021_ws/src/three_wolves/build/three_wolves/build/lib/trifinger_simulation
[0.442s] copying trifinger_simulation/finger_types_data.py -> /home/jaylon42/rrc_2021_ws/src/three_wolves/build/three_wolves/build/lib/trifinger_simulation
[0.455s] copying trifinger_simulation/observation.py -> /home/jaylon42/rrc_2021_ws/src/three_wolves/build/three_wolves/build/lib/trifinger_simulation
[0.456s] copying trifinger_simulation/trifinger_platform.py -> /home/jaylon42/rrc_2021_ws/src/three_wolves/build/three_wolves/build/lib/trifinger_simulation
[0.464s] copying trifinger_simulation/sim_finger.py -> /home/jaylon42/rrc_2021_ws/src/three_wolves/build/three_wolves/build/lib/trifinger_simulation
[0.472s] copying trifinger_simulation/visual_objects.py -> /home/jaylon42/rrc_2021_ws/src/three_wolves/build/three_wolves/build/lib/trifinger_simulation
[0.479s] copying trifinger_simulation/real_finger.py -> /home/jaylon42/rrc_2021_ws/src/three_wolves/build/three_wolves/build/lib/trifinger_simulation
[0.480s] copying trifinger_simulation/camera.py -> /home/jaylon42/rrc_2021_ws/src/three_wolves/build/three_wolves/build/lib/trifinger_simulation
[0.484s] copying trifinger_simulation/trifingerpro_limits.py -> /home/jaylon42/rrc_2021_ws/src/three_wolves/build/three_wolves/build/lib/trifinger_simulation
[0.485s] copying trifinger_simulation/__init__.py -> /home/jaylon42/rrc_2021_ws/src/three_wolves/build/three_wolves/build/lib/trifinger_simulation
[0.494s] copying trifinger_simulation/action.py -> /home/jaylon42/rrc_2021_ws/src/three_wolves/build/three_wolves/build/lib/trifinger_simulation
[0.495s] copying trifinger_simulation/collision_objects.py -> /home/jaylon42/rrc_2021_ws/src/three_wolves/build/three_wolves/build/lib/trifinger_simulation
[0.495s] copying trifinger_simulation/pinocchio_utils.py -> /home/jaylon42/rrc_2021_ws/src/three_wolves/build/three_wolves/build/lib/trifinger_simulation
[0.495s] copying trifinger_simulation/sample.py -> /home/jaylon42/rrc_2021_ws/src/three_wolves/build/three_wolves/build/lib/trifinger_simulation
[0.499s] creating /home/jaylon42/rrc_2021_ws/src/three_wolves/build/three_wolves/build/lib/three_wolves/scripts
[0.499s] copying three_wolves/scripts/sim_trajectory.py -> /home/jaylon42/rrc_2021_ws/src/three_wolves/build/three_wolves/build/lib/three_wolves/scripts
[0.499s] copying three_wolves/scripts/real_trajectory.py -> /home/jaylon42/rrc_2021_ws/src/three_wolves/build/three_wolves/build/lib/three_wolves/scripts
[0.499s] copying three_wolves/scripts/__init__.py -> /home/jaylon42/rrc_2021_ws/src/three_wolves/build/three_wolves/build/lib/three_wolves/scripts
[0.499s] creating /home/jaylon42/rrc_2021_ws/src/three_wolves/build/three_wolves/build/lib/trifinger_simulation/tasks
[0.499s] copying trifinger_simulation/tasks/move_cuboid.py -> /home/jaylon42/rrc_2021_ws/src/three_wolves/build/three_wolves/build/lib/trifinger_simulation/tasks
[0.507s] copying trifinger_simulation/tasks/__init__.py -> /home/jaylon42/rrc_2021_ws/src/three_wolves/build/three_wolves/build/lib/trifinger_simulation/tasks
[0.507s] creating /home/jaylon42/rrc_2021_ws/src/three_wolves/build/three_wolves/build/lib/trifinger_simulation/gym_wrapper
[0.507s] copying trifinger_simulation/gym_wrapper/data_logger.py -> /home/jaylon42/rrc_2021_ws/src/three_wolves/build/three_wolves/build/lib/trifinger_simulation/gym_wrapper
[0.512s] copying trifinger_simulation/gym_wrapper/finger_spaces.py -> /home/jaylon42/rrc_2021_ws/src/three_wolves/build/three_wolves/build/lib/trifinger_simulation/gym_wrapper
[0.513s] copying trifinger_simulation/gym_wrapper/__init__.py -> /home/jaylon42/rrc_2021_ws/src/three_wolves/build/three_wolves/build/lib/trifinger_simulation/gym_wrapper
[0.514s] copying trifinger_simulation/gym_wrapper/utils.py -> /home/jaylon42/rrc_2021_ws/src/three_wolves/build/three_wolves/build/lib/trifinger_simulation/gym_wrapper
[0.519s] creating /home/jaylon42/rrc_2021_ws/src/three_wolves/build/three_wolves/build/lib/trifinger_simulation/tasks/move_cube_on_trajectory
[0.519s] copying trifinger_simulation/tasks/move_cube_on_trajectory/__main__.py -> /home/jaylon42/rrc_2021_ws/src/three_wolves/build/three_wolves/build/lib/trifinger_simulation/tasks/move_cube_on_trajectory
[0.521s] copying trifinger_simulation/tasks/move_cube_on_trajectory/replay_action_log.py -> /home/jaylon42/rrc_2021_ws/src/three_wolves/build/three_wolves/build/lib/trifinger_simulation/tasks/move_cube_on_trajectory
[0.529s] copying trifinger_simulation/tasks/move_cube_on_trajectory/run_replay.py -> /home/jaylon42/rrc_2021_ws/src/three_wolves/build/three_wolves/build/lib/trifinger_simulation/tasks/move_cube_on_trajectory
[0.529s] copying trifinger_simulation/tasks/move_cube_on_trajectory/__init__.py -> /home/jaylon42/rrc_2021_ws/src/three_wolves/build/three_wolves/build/lib/trifinger_simulation/tasks/move_cube_on_trajectory
[0.529s] copying trifinger_simulation/tasks/move_cube_on_trajectory/run_evaluate_policy.py -> /home/jaylon42/rrc_2021_ws/src/three_wolves/build/three_wolves/build/lib/trifinger_simulation/tasks/move_cube_on_trajectory
[0.530s] copying trifinger_simulation/tasks/move_cube_on_trajectory/evaluate_policy.py -> /home/jaylon42/rrc_2021_ws/src/three_wolves/build/three_wolves/build/lib/trifinger_simulation/tasks/move_cube_on_trajectory
[0.530s] creating /home/jaylon42/rrc_2021_ws/src/three_wolves/build/three_wolves/build/lib/trifinger_simulation/tasks/move_cube
[0.530s] copying trifinger_simulation/tasks/move_cube/__main__.py -> /home/jaylon42/rrc_2021_ws/src/three_wolves/build/three_wolves/build/lib/trifinger_simulation/tasks/move_cube
[0.538s] copying trifinger_simulation/tasks/move_cube/replay_action_log.py -> /home/jaylon42/rrc_2021_ws/src/three_wolves/build/three_wolves/build/lib/trifinger_simulation/tasks/move_cube
[0.541s] copying trifinger_simulation/tasks/move_cube/run_replay.py -> /home/jaylon42/rrc_2021_ws/src/three_wolves/build/three_wolves/build/lib/trifinger_simulation/tasks/move_cube
[0.541s] copying trifinger_simulation/tasks/move_cube/__init__.py -> /home/jaylon42/rrc_2021_ws/src/three_wolves/build/three_wolves/build/lib/trifinger_simulation/tasks/move_cube
[0.541s] copying trifinger_simulation/tasks/move_cube/run_evaluate_policy.py -> /home/jaylon42/rrc_2021_ws/src/three_wolves/build/three_wolves/build/lib/trifinger_simulation/tasks/move_cube
[0.542s] copying trifinger_simulation/tasks/move_cube/evaluate_policy.py -> /home/jaylon42/rrc_2021_ws/src/three_wolves/build/three_wolves/build/lib/trifinger_simulation/tasks/move_cube
[0.547s] creating /home/jaylon42/rrc_2021_ws/src/three_wolves/build/three_wolves/build/lib/trifinger_simulation/tasks/rearrange_dice
[0.547s] copying trifinger_simulation/tasks/rearrange_dice/__main__.py -> /home/jaylon42/rrc_2021_ws/src/three_wolves/build/three_wolves/build/lib/trifinger_simulation/tasks/rearrange_dice
[0.550s] copying trifinger_simulation/tasks/rearrange_dice/__init__.py -> /home/jaylon42/rrc_2021_ws/src/three_wolves/build/three_wolves/build/lib/trifinger_simulation/tasks/rearrange_dice
[0.550s] creating /home/jaylon42/rrc_2021_ws/src/three_wolves/build/three_wolves/build/lib/trifinger_simulation/gym_wrapper/envs
[0.550s] copying trifinger_simulation/gym_wrapper/envs/pre_stage_env.py -> /home/jaylon42/rrc_2021_ws/src/three_wolves/build/three_wolves/build/lib/trifinger_simulation/gym_wrapper/envs
[0.550s] copying trifinger_simulation/gym_wrapper/envs/trifinger_reach.py -> /home/jaylon42/rrc_2021_ws/src/three_wolves/build/three_wolves/build/lib/trifinger_simulation/gym_wrapper/envs
[0.551s] copying trifinger_simulation/gym_wrapper/envs/cube_trajectory_env.py -> /home/jaylon42/rrc_2021_ws/src/three_wolves/build/three_wolves/build/lib/trifinger_simulation/gym_wrapper/envs
[0.551s] copying trifinger_simulation/gym_wrapper/envs/cube_env.py -> /home/jaylon42/rrc_2021_ws/src/three_wolves/build/three_wolves/build/lib/trifinger_simulation/gym_wrapper/envs
[0.551s] copying trifinger_simulation/gym_wrapper/envs/__init__.py -> /home/jaylon42/rrc_2021_ws/src/three_wolves/build/three_wolves/build/lib/trifinger_simulation/gym_wrapper/envs
[0.551s] copying trifinger_simulation/gym_wrapper/envs/trifinger_push.py -> /home/jaylon42/rrc_2021_ws/src/three_wolves/build/three_wolves/build/lib/trifinger_simulation/gym_wrapper/envs
[0.552s] running install
[0.554s] running install_lib
[0.556s] creating /home/jaylon42/rrc_2021_ws/src/three_wolves/install/three_wolves/lib/python3.8/site-packages/three_wolves
[0.556s] copying /home/jaylon42/rrc_2021_ws/src/three_wolves/build/three_wolves/build/lib/three_wolves/move_cube_env.py -> /home/jaylon42/rrc_2021_ws/src/three_wolves/install/three_wolves/lib/python3.8/site-packages/three_wolves
[0.557s] copying /home/jaylon42/rrc_2021_ws/src/three_wolves/build/three_wolves/build/lib/three_wolves/sac_main.py -> /home/jaylon42/rrc_2021_ws/src/three_wolves/install/three_wolves/lib/python3.8/site-packages/three_wolves
[0.557s] copying /home/jaylon42/rrc_2021_ws/src/three_wolves/build/three_wolves/build/lib/three_wolves/__init__.py -> /home/jaylon42/rrc_2021_ws/src/three_wolves/install/three_wolves/lib/python3.8/site-packages/three_wolves
[0.557s] copying /home/jaylon42/rrc_2021_ws/src/three_wolves/build/three_wolves/build/lib/three_wolves/utils.py -> /home/jaylon42/rrc_2021_ws/src/three_wolves/install/three_wolves/lib/python3.8/site-packages/three_wolves
[0.557s] creating /home/jaylon42/rrc_2021_ws/src/three_wolves/install/three_wolves/lib/python3.8/site-packages/three_wolves/scripts
[0.557s] copying /home/jaylon42/rrc_2021_ws/src/three_wolves/build/three_wolves/build/lib/three_wolves/scripts/sim_trajectory.py -> /home/jaylon42/rrc_2021_ws/src/three_wolves/install/three_wolves/lib/python3.8/site-packages/three_wolves/scripts
[0.557s] copying /home/jaylon42/rrc_2021_ws/src/three_wolves/build/three_wolves/build/lib/three_wolves/scripts/real_trajectory.py -> /home/jaylon42/rrc_2021_ws/src/three_wolves/install/three_wolves/lib/python3.8/site-packages/three_wolves/scripts
[0.557s] copying /home/jaylon42/rrc_2021_ws/src/three_wolves/build/three_wolves/build/lib/three_wolves/scripts/__init__.py -> /home/jaylon42/rrc_2021_ws/src/three_wolves/install/three_wolves/lib/python3.8/site-packages/three_wolves/scripts
[0.557s] creating /home/jaylon42/rrc_2021_ws/src/three_wolves/install/three_wolves/lib/python3.8/site-packages/trifinger_simulation
[0.557s] copying /home/jaylon42/rrc_2021_ws/src/three_wolves/build/three_wolves/build/lib/trifinger_simulation/finger_types_data.py -> /home/jaylon42/rrc_2021_ws/src/three_wolves/install/three_wolves/lib/python3.8/site-packages/trifinger_simulation
[0.557s] copying /home/jaylon42/rrc_2021_ws/src/three_wolves/build/three_wolves/build/lib/trifinger_simulation/observation.py -> /home/jaylon42/rrc_2021_ws/src/three_wolves/install/three_wolves/lib/python3.8/site-packages/trifinger_simulation
[0.557s] creating /home/jaylon42/rrc_2021_ws/src/three_wolves/install/three_wolves/lib/python3.8/site-packages/trifinger_simulation/tasks
[0.557s] creating /home/jaylon42/rrc_2021_ws/src/three_wolves/install/three_wolves/lib/python3.8/site-packages/trifinger_simulation/tasks/move_cube_on_trajectory
[0.558s] copying /home/jaylon42/rrc_2021_ws/src/three_wolves/build/three_wolves/build/lib/trifinger_simulation/tasks/move_cube_on_trajectory/__main__.py -> /home/jaylon42/rrc_2021_ws/src/three_wolves/install/three_wolves/lib/python3.8/site-packages/trifinger_simulation/tasks/move_cube_on_trajectory
[0.558s] copying /home/jaylon42/rrc_2021_ws/src/three_wolves/build/three_wolves/build/lib/trifinger_simulation/tasks/move_cube_on_trajectory/replay_action_log.py -> /home/jaylon42/rrc_2021_ws/src/three_wolves/install/three_wolves/lib/python3.8/site-packages/trifinger_simulation/tasks/move_cube_on_trajectory
[0.558s] copying /home/jaylon42/rrc_2021_ws/src/three_wolves/build/three_wolves/build/lib/trifinger_simulation/tasks/move_cube_on_trajectory/run_replay.py -> /home/jaylon42/rrc_2021_ws/src/three_wolves/install/three_wolves/lib/python3.8/site-packages/trifinger_simulation/tasks/move_cube_on_trajectory
[0.558s] copying /home/jaylon42/rrc_2021_ws/src/three_wolves/build/three_wolves/build/lib/trifinger_simulation/tasks/move_cube_on_trajectory/__init__.py -> /home/jaylon42/rrc_2021_ws/src/three_wolves/install/three_wolves/lib/python3.8/site-packages/trifinger_simulation/tasks/move_cube_on_trajectory
[0.558s] copying /home/jaylon42/rrc_2021_ws/src/three_wolves/build/three_wolves/build/lib/trifinger_simulation/tasks/move_cube_on_trajectory/run_evaluate_policy.py -> /home/jaylon42/rrc_2021_ws/src/three_wolves/install/three_wolves/lib/python3.8/site-packages/trifinger_simulation/tasks/move_cube_on_trajectory
[0.558s] copying /home/jaylon42/rrc_2021_ws/src/three_wolves/build/three_wolves/build/lib/trifinger_simulation/tasks/move_cube_on_trajectory/evaluate_policy.py -> /home/jaylon42/rrc_2021_ws/src/three_wolves/install/three_wolves/lib/python3.8/site-packages/trifinger_simulation/tasks/move_cube_on_trajectory
[0.558s] copying /home/jaylon42/rrc_2021_ws/src/three_wolves/build/three_wolves/build/lib/trifinger_simulation/tasks/move_cuboid.py -> /home/jaylon42/rrc_2021_ws/src/three_wolves/install/three_wolves/lib/python3.8/site-packages/trifinger_simulation/tasks
[0.558s] copying /home/jaylon42/rrc_2021_ws/src/three_wolves/build/three_wolves/build/lib/trifinger_simulation/tasks/__init__.py -> /home/jaylon42/rrc_2021_ws/src/three_wolves/install/three_wolves/lib/python3.8/site-packages/trifinger_simulation/tasks
[0.558s] creating /home/jaylon42/rrc_2021_ws/src/three_wolves/install/three_wolves/lib/python3.8/site-packages/trifinger_simulation/tasks/move_cube
[0.558s] copying /home/jaylon42/rrc_2021_ws/src/three_wolves/build/three_wolves/build/lib/trifinger_simulation/tasks/move_cube/__main__.py -> /home/jaylon42/rrc_2021_ws/src/three_wolves/install/three_wolves/lib/python3.8/site-packages/trifinger_simulation/tasks/move_cube
[0.558s] copying /home/jaylon42/rrc_2021_ws/src/three_wolves/build/three_wolves/build/lib/trifinger_simulation/tasks/move_cube/replay_action_log.py -> /home/jaylon42/rrc_2021_ws/src/three_wolves/install/three_wolves/lib/python3.8/site-packages/trifinger_simulation/tasks/move_cube
[0.558s] copying /home/jaylon42/rrc_2021_ws/src/three_wolves/build/three_wolves/build/lib/trifinger_simulation/tasks/move_cube/run_replay.py -> /home/jaylon42/rrc_2021_ws/src/three_wolves/install/three_wolves/lib/python3.8/site-packages/trifinger_simulation/tasks/move_cube
[0.558s] copying /home/jaylon42/rrc_2021_ws/src/three_wolves/build/three_wolves/build/lib/trifinger_simulation/tasks/move_cube/__init__.py -> /home/jaylon42/rrc_2021_ws/src/three_wolves/install/three_wolves/lib/python3.8/site-packages/trifinger_simulation/tasks/move_cube
[0.558s] copying /home/jaylon42/rrc_2021_ws/src/three_wolves/build/three_wolves/build/lib/trifinger_simulation/tasks/move_cube/run_evaluate_policy.py -> /home/jaylon42/rrc_2021_ws/src/three_wolves/install/three_wolves/lib/python3.8/site-packages/trifinger_simulation/tasks/move_cube
[0.559s] copying /home/jaylon42/rrc_2021_ws/src/three_wolves/build/three_wolves/build/lib/trifinger_simulation/tasks/move_cube/evaluate_policy.py -> /home/jaylon42/rrc_2021_ws/src/three_wolves/install/three_wolves/lib/python3.8/site-packages/trifinger_simulation/tasks/move_cube
[0.559s] creating /home/jaylon42/rrc_2021_ws/src/three_wolves/install/three_wolves/lib/python3.8/site-packages/trifinger_simulation/tasks/rearrange_dice
[0.559s] copying /home/jaylon42/rrc_2021_ws/src/three_wolves/build/three_wolves/build/lib/trifinger_simulation/tasks/rearrange_dice/__main__.py -> /home/jaylon42/rrc_2021_ws/src/three_wolves/install/three_wolves/lib/python3.8/site-packages/trifinger_simulation/tasks/rearrange_dice
[0.559s] copying /home/jaylon42/rrc_2021_ws/src/three_wolves/build/three_wolves/build/lib/trifinger_simulation/tasks/rearrange_dice/__init__.py -> /home/jaylon42/rrc_2021_ws/src/three_wolves/install/three_wolves/lib/python3.8/site-packages/trifinger_simulation/tasks/rearrange_dice
[0.559s] copying /home/jaylon42/rrc_2021_ws/src/three_wolves/build/three_wolves/build/lib/trifinger_simulation/trifinger_platform.py -> /home/jaylon42/rrc_2021_ws/src/three_wolves/install/three_wolves/lib/python3.8/site-packages/trifinger_simulation
[0.559s] copying /home/jaylon42/rrc_2021_ws/src/three_wolves/build/three_wolves/build/lib/trifinger_simulation/sim_finger.py -> /home/jaylon42/rrc_2021_ws/src/three_wolves/install/three_wolves/lib/python3.8/site-packages/trifinger_simulation
[0.559s] creating /home/jaylon42/rrc_2021_ws/src/three_wolves/install/three_wolves/lib/python3.8/site-packages/trifinger_simulation/gym_wrapper
[0.559s] copying /home/jaylon42/rrc_2021_ws/src/three_wolves/build/three_wolves/build/lib/trifinger_simulation/gym_wrapper/data_logger.py -> /home/jaylon42/rrc_2021_ws/src/three_wolves/install/three_wolves/lib/python3.8/site-packages/trifinger_simulation/gym_wrapper
[0.559s] copying /home/jaylon42/rrc_2021_ws/src/three_wolves/build/three_wolves/build/lib/trifinger_simulation/gym_wrapper/finger_spaces.py -> /home/jaylon42/rrc_2021_ws/src/three_wolves/install/three_wolves/lib/python3.8/site-packages/trifinger_simulation/gym_wrapper
[0.559s] creating /home/jaylon42/rrc_2021_ws/src/three_wolves/install/three_wolves/lib/python3.8/site-packages/trifinger_simulation/gym_wrapper/envs
[0.559s] copying /home/jaylon42/rrc_2021_ws/src/three_wolves/build/three_wolves/build/lib/trifinger_simulation/gym_wrapper/envs/pre_stage_env.py -> /home/jaylon42/rrc_2021_ws/src/three_wolves/install/three_wolves/lib/python3.8/site-packages/trifinger_simulation/gym_wrapper/envs
[0.559s] copying /home/jaylon42/rrc_2021_ws/src/three_wolves/build/three_wolves/build/lib/trifinger_simulation/gym_wrapper/envs/trifinger_reach.py -> /home/jaylon42/rrc_2021_ws/src/three_wolves/install/three_wolves/lib/python3.8/site-packages/trifinger_simulation/gym_wrapper/envs
[0.559s] copying /home/jaylon42/rrc_2021_ws/src/three_wolves/build/three_wolves/build/lib/trifinger_simulation/gym_wrapper/envs/cube_trajectory_env.py -> /home/jaylon42/rrc_2021_ws/src/three_wolves/install/three_wolves/lib/python3.8/site-packages/trifinger_simulation/gym_wrapper/envs
[0.560s] copying /home/jaylon42/rrc_2021_ws/src/three_wolves/build/three_wolves/build/lib/trifinger_simulation/gym_wrapper/envs/cube_env.py -> /home/jaylon42/rrc_2021_ws/src/three_wolves/install/three_wolves/lib/python3.8/site-packages/trifinger_simulation/gym_wrapper/envs
[0.560s] copying /home/jaylon42/rrc_2021_ws/src/three_wolves/build/three_wolves/build/lib/trifinger_simulation/gym_wrapper/envs/__init__.py -> /home/jaylon42/rrc_2021_ws/src/three_wolves/install/three_wolves/lib/python3.8/site-packages/trifinger_simulation/gym_wrapper/envs
[0.560s] copying /home/jaylon42/rrc_2021_ws/src/three_wolves/build/three_wolves/build/lib/trifinger_simulation/gym_wrapper/envs/trifinger_push.py -> /home/jaylon42/rrc_2021_ws/src/three_wolves/install/three_wolves/lib/python3.8/site-packages/trifinger_simulation/gym_wrapper/envs
[0.560s] copying /home/jaylon42/rrc_2021_ws/src/three_wolves/build/three_wolves/build/lib/trifinger_simulation/gym_wrapper/__init__.py -> /home/jaylon42/rrc_2021_ws/src/three_wolves/install/three_wolves/lib/python3.8/site-packages/trifinger_simulation/gym_wrapper
[0.560s] copying /home/jaylon42/rrc_2021_ws/src/three_wolves/build/three_wolves/build/lib/trifinger_simulation/gym_wrapper/utils.py -> /home/jaylon42/rrc_2021_ws/src/three_wolves/install/three_wolves/lib/python3.8/site-packages/trifinger_simulation/gym_wrapper
[0.560s] copying /home/jaylon42/rrc_2021_ws/src/three_wolves/build/three_wolves/build/lib/trifinger_simulation/visual_objects.py -> /home/jaylon42/rrc_2021_ws/src/three_wolves/install/three_wolves/lib/python3.8/site-packages/trifinger_simulation
[0.560s] copying /home/jaylon42/rrc_2021_ws/src/three_wolves/build/three_wolves/build/lib/trifinger_simulation/real_finger.py -> /home/jaylon42/rrc_2021_ws/src/three_wolves/install/three_wolves/lib/python3.8/site-packages/trifinger_simulation
[0.560s] copying /home/jaylon42/rrc_2021_ws/src/three_wolves/build/three_wolves/build/lib/trifinger_simulation/camera.py -> /home/jaylon42/rrc_2021_ws/src/three_wolves/install/three_wolves/lib/python3.8/site-packages/trifinger_simulation
[0.560s] copying /home/jaylon42/rrc_2021_ws/src/three_wolves/build/three_wolves/build/lib/trifinger_simulation/trifingerpro_limits.py -> /home/jaylon42/rrc_2021_ws/src/three_wolves/install/three_wolves/lib/python3.8/site-packages/trifinger_simulation
[0.560s] copying /home/jaylon42/rrc_2021_ws/src/three_wolves/build/three_wolves/build/lib/trifinger_simulation/__init__.py -> /home/jaylon42/rrc_2021_ws/src/three_wolves/install/three_wolves/lib/python3.8/site-packages/trifinger_simulation
[0.560s] copying /home/jaylon42/rrc_2021_ws/src/three_wolves/build/three_wolves/build/lib/trifinger_simulation/action.py -> /home/jaylon42/rrc_2021_ws/src/three_wolves/install/three_wolves/lib/python3.8/site-packages/trifinger_simulation
[0.560s] copying /home/jaylon42/rrc_2021_ws/src/three_wolves/build/three_wolves/build/lib/trifinger_simulation/collision_objects.py -> /home/jaylon42/rrc_2021_ws/src/three_wolves/install/three_wolves/lib/python3.8/site-packages/trifinger_simulation
[0.560s] copying /home/jaylon42/rrc_2021_ws/src/three_wolves/build/three_wolves/build/lib/trifinger_simulation/pinocchio_utils.py -> /home/jaylon42/rrc_2021_ws/src/three_wolves/install/three_wolves/lib/python3.8/site-packages/trifinger_simulation
[0.560s] copying /home/jaylon42/rrc_2021_ws/src/three_wolves/build/three_wolves/build/lib/trifinger_simulation/sample.py -> /home/jaylon42/rrc_2021_ws/src/three_wolves/install/three_wolves/lib/python3.8/site-packages/trifinger_simulation
[0.561s] byte-compiling /home/jaylon42/rrc_2021_ws/src/three_wolves/install/three_wolves/lib/python3.8/site-packages/three_wolves/move_cube_env.py to move_cube_env.cpython-38.pyc
[0.564s] byte-compiling /home/jaylon42/rrc_2021_ws/src/three_wolves/install/three_wolves/lib/python3.8/site-packages/three_wolves/sac_main.py to sac_main.cpython-38.pyc
[0.564s] byte-compiling /home/jaylon42/rrc_2021_ws/src/three_wolves/install/three_wolves/lib/python3.8/site-packages/three_wolves/__init__.py to __init__.cpython-38.pyc
[0.564s] byte-compiling /home/jaylon42/rrc_2021_ws/src/three_wolves/install/three_wolves/lib/python3.8/site-packages/three_wolves/utils.py to utils.cpython-38.pyc
[0.565s] byte-compiling /home/jaylon42/rrc_2021_ws/src/three_wolves/install/three_wolves/lib/python3.8/site-packages/three_wolves/scripts/sim_trajectory.py to sim_trajectory.cpython-38.pyc
[0.565s] byte-compiling /home/jaylon42/rrc_2021_ws/src/three_wolves/install/three_wolves/lib/python3.8/site-packages/three_wolves/scripts/real_trajectory.py to real_trajectory.cpython-38.pyc
[0.565s] byte-compiling /home/jaylon42/rrc_2021_ws/src/three_wolves/install/three_wolves/lib/python3.8/site-packages/three_wolves/scripts/__init__.py to __init__.cpython-38.pyc
[0.565s] byte-compiling /home/jaylon42/rrc_2021_ws/src/three_wolves/install/three_wolves/lib/python3.8/site-packages/trifinger_simulation/finger_types_data.py to finger_types_data.cpython-38.pyc
[0.566s] byte-compiling /home/jaylon42/rrc_2021_ws/src/three_wolves/install/three_wolves/lib/python3.8/site-packages/trifinger_simulation/observation.py to observation.cpython-38.pyc
[0.566s] byte-compiling /home/jaylon42/rrc_2021_ws/src/three_wolves/install/three_wolves/lib/python3.8/site-packages/trifinger_simulation/tasks/move_cube_on_trajectory/__main__.py to __main__.cpython-38.pyc
[0.566s] byte-compiling /home/jaylon42/rrc_2021_ws/src/three_wolves/install/three_wolves/lib/python3.8/site-packages/trifinger_simulation/tasks/move_cube_on_trajectory/replay_action_log.py to replay_action_log.cpython-38.pyc
[0.567s] byte-compiling /home/jaylon42/rrc_2021_ws/src/three_wolves/install/three_wolves/lib/python3.8/site-packages/trifinger_simulation/tasks/move_cube_on_trajectory/run_replay.py to run_replay.cpython-38.pyc
[0.567s] byte-compiling /home/jaylon42/rrc_2021_ws/src/three_wolves/install/three_wolves/lib/python3.8/site-packages/trifinger_simulation/tasks/move_cube_on_trajectory/__init__.py to __init__.cpython-38.pyc
[0.568s] byte-compiling /home/jaylon42/rrc_2021_ws/src/three_wolves/install/three_wolves/lib/python3.8/site-packages/trifinger_simulation/tasks/move_cube_on_trajectory/run_evaluate_policy.py to run_evaluate_policy.cpython-38.pyc
[0.568s] byte-compiling /home/jaylon42/rrc_2021_ws/src/three_wolves/install/three_wolves/lib/python3.8/site-packages/trifinger_simulation/tasks/move_cube_on_trajectory/evaluate_policy.py to evaluate_policy.cpython-38.pyc
[0.568s] byte-compiling /home/jaylon42/rrc_2021_ws/src/three_wolves/install/three_wolves/lib/python3.8/site-packages/trifinger_simulation/tasks/move_cuboid.py to move_cuboid.cpython-38.pyc
[0.569s] byte-compiling /home/jaylon42/rrc_2021_ws/src/three_wolves/install/three_wolves/lib/python3.8/site-packages/trifinger_simulation/tasks/__init__.py to __init__.cpython-38.pyc
[0.569s] byte-compiling /home/jaylon42/rrc_2021_ws/src/three_wolves/install/three_wolves/lib/python3.8/site-packages/trifinger_simulation/tasks/move_cube/__main__.py to __main__.cpython-38.pyc
[0.570s] byte-compiling /home/jaylon42/rrc_2021_ws/src/three_wolves/install/three_wolves/lib/python3.8/site-packages/trifinger_simulation/tasks/move_cube/replay_action_log.py to replay_action_log.cpython-38.pyc
[0.570s] byte-compiling /home/jaylon42/rrc_2021_ws/src/three_wolves/install/three_wolves/lib/python3.8/site-packages/trifinger_simulation/tasks/move_cube/run_replay.py to run_replay.cpython-38.pyc
[0.571s] byte-compiling /home/jaylon42/rrc_2021_ws/src/three_wolves/install/three_wolves/lib/python3.8/site-packages/trifinger_simulation/tasks/move_cube/__init__.py to __init__.cpython-38.pyc
[0.572s] byte-compiling /home/jaylon42/rrc_2021_ws/src/three_wolves/install/three_wolves/lib/python3.8/site-packages/trifinger_simulation/tasks/move_cube/run_evaluate_policy.py to run_evaluate_policy.cpython-38.pyc
[0.572s] byte-compiling /home/jaylon42/rrc_2021_ws/src/three_wolves/install/three_wolves/lib/python3.8/site-packages/trifinger_simulation/tasks/move_cube/evaluate_policy.py to evaluate_policy.cpython-38.pyc
[0.573s] byte-compiling /home/jaylon42/rrc_2021_ws/src/three_wolves/install/three_wolves/lib/python3.8/site-packages/trifinger_simulation/tasks/rearrange_dice/__main__.py to __main__.cpython-38.pyc
[0.573s] byte-compiling /home/jaylon42/rrc_2021_ws/src/three_wolves/install/three_wolves/lib/python3.8/site-packages/trifinger_simulation/tasks/rearrange_dice/__init__.py to __init__.cpython-38.pyc
[0.574s] byte-compiling /home/jaylon42/rrc_2021_ws/src/three_wolves/install/three_wolves/lib/python3.8/site-packages/trifinger_simulation/trifinger_platform.py to trifinger_platform.cpython-38.pyc
[0.575s] byte-compiling /home/jaylon42/rrc_2021_ws/src/three_wolves/install/three_wolves/lib/python3.8/site-packages/trifinger_simulation/sim_finger.py to sim_finger.cpython-38.pyc
[0.577s] byte-compiling /home/jaylon42/rrc_2021_ws/src/three_wolves/install/three_wolves/lib/python3.8/site-packages/trifinger_simulation/gym_wrapper/data_logger.py to data_logger.cpython-38.pyc
[0.577s] byte-compiling /home/jaylon42/rrc_2021_ws/src/three_wolves/install/three_wolves/lib/python3.8/site-packages/trifinger_simulation/gym_wrapper/finger_spaces.py to finger_spaces.cpython-38.pyc
[0.578s] byte-compiling /home/jaylon42/rrc_2021_ws/src/three_wolves/install/three_wolves/lib/python3.8/site-packages/trifinger_simulation/gym_wrapper/envs/pre_stage_env.py to pre_stage_env.cpython-38.pyc
[0.579s] byte-compiling /home/jaylon42/rrc_2021_ws/src/three_wolves/install/three_wolves/lib/python3.8/site-packages/trifinger_simulation/gym_wrapper/envs/trifinger_reach.py to trifinger_reach.cpython-38.pyc
[0.580s] byte-compiling /home/jaylon42/rrc_2021_ws/src/three_wolves/install/three_wolves/lib/python3.8/site-packages/trifinger_simulation/gym_wrapper/envs/cube_trajectory_env.py to cube_trajectory_env.cpython-38.pyc
[0.580s] byte-compiling /home/jaylon42/rrc_2021_ws/src/three_wolves/install/three_wolves/lib/python3.8/site-packages/trifinger_simulation/gym_wrapper/envs/cube_env.py to cube_env.cpython-38.pyc
[0.581s] byte-compiling /home/jaylon42/rrc_2021_ws/src/three_wolves/install/three_wolves/lib/python3.8/site-packages/trifinger_simulation/gym_wrapper/envs/__init__.py to __init__.cpython-38.pyc
[0.581s] byte-compiling /home/jaylon42/rrc_2021_ws/src/three_wolves/install/three_wolves/lib/python3.8/site-packages/trifinger_simulation/gym_wrapper/envs/trifinger_push.py to trifinger_push.cpython-38.pyc
[0.582s] byte-compiling /home/jaylon42/rrc_2021_ws/src/three_wolves/install/three_wolves/lib/python3.8/site-packages/trifinger_simulation/gym_wrapper/__init__.py to __init__.cpython-38.pyc
[0.582s] byte-compiling /home/jaylon42/rrc_2021_ws/src/three_wolves/install/three_wolves/lib/python3.8/site-packages/trifinger_simulation/gym_wrapper/utils.py to utils.cpython-38.pyc
[0.582s] byte-compiling /home/jaylon42/rrc_2021_ws/src/three_wolves/install/three_wolves/lib/python3.8/site-packages/trifinger_simulation/visual_objects.py to visual_objects.cpython-38.pyc
[0.583s] byte-compiling /home/jaylon42/rrc_2021_ws/src/three_wolves/install/three_wolves/lib/python3.8/site-packages/trifinger_simulation/real_finger.py to real_finger.cpython-38.pyc
[0.583s] byte-compiling /home/jaylon42/rrc_2021_ws/src/three_wolves/install/three_wolves/lib/python3.8/site-packages/trifinger_simulation/camera.py to camera.cpython-38.pyc
[0.585s] byte-compiling /home/jaylon42/rrc_2021_ws/src/three_wolves/install/three_wolves/lib/python3.8/site-packages/trifinger_simulation/trifingerpro_limits.py to trifingerpro_limits.cpython-38.pyc
[0.585s] byte-compiling /home/jaylon42/rrc_2021_ws/src/three_wolves/install/three_wolves/lib/python3.8/site-packages/trifinger_simulation/__init__.py to __init__.cpython-38.pyc
[0.585s] byte-compiling /home/jaylon42/rrc_2021_ws/src/three_wolves/install/three_wolves/lib/python3.8/site-packages/trifinger_simulation/action.py to action.cpython-38.pyc
[0.585s] byte-compiling /home/jaylon42/rrc_2021_ws/src/three_wolves/install/three_wolves/lib/python3.8/site-packages/trifinger_simulation/collision_objects.py to collision_objects.cpython-38.pyc
[0.586s] byte-compiling /home/jaylon42/rrc_2021_ws/src/three_wolves/install/three_wolves/lib/python3.8/site-packages/trifinger_simulation/pinocchio_utils.py to pinocchio_utils.cpython-38.pyc
[0.586s] byte-compiling /home/jaylon42/rrc_2021_ws/src/three_wolves/install/three_wolves/lib/python3.8/site-packages/trifinger_simulation/sample.py to sample.cpython-38.pyc
[0.587s] running install_data
[0.587s] creating /home/jaylon42/rrc_2021_ws/src/three_wolves/install/three_wolves/share/ament_index
[0.588s] creating /home/jaylon42/rrc_2021_ws/src/three_wolves/install/three_wolves/share/ament_index/resource_index
[0.588s] creating /home/jaylon42/rrc_2021_ws/src/three_wolves/install/three_wolves/share/ament_index/resource_index/packages
[0.588s] copying resource/three_wolves -> /home/jaylon42/rrc_2021_ws/src/three_wolves/install/three_wolves/share/ament_index/resource_index/packages
[0.588s] copying package.xml -> /home/jaylon42/rrc_2021_ws/src/three_wolves/install/three_wolves/share/three_wolves
[0.588s] running install_egg_info
[0.590s] Copying build/three_wolves/three_wolves.egg-info to /home/jaylon42/rrc_2021_ws/src/three_wolves/install/three_wolves/lib/python3.8/site-packages/three_wolves-2.0.0-py3.8.egg-info
[0.591s] running install_scripts
[0.608s] Installing real_trajectory_example_with_gym script to /home/jaylon42/rrc_2021_ws/src/three_wolves/install/three_wolves/lib/three_wolves
[0.608s] Installing sim_cube_trajectory_test script to /home/jaylon42/rrc_2021_ws/src/three_wolves/install/three_wolves/lib/three_wolves
[0.608s] Installing sim_trajectory_example_with_gym script to /home/jaylon42/rrc_2021_ws/src/three_wolves/install/three_wolves/lib/three_wolves
[0.609s] writing list of installed files to '/home/jaylon42/rrc_2021_ws/src/three_wolves/build/three_wolves/install.log'
[0.625s] Invoked command in '/home/jaylon42/rrc_2021_ws/src/three_wolves' returned '0': CONDA_PROMPT_MODIFIER=(trifinger_simulation) PS1=Singularity> PYTHONPATH=/home/jaylon42/rrc_2021_ws/src/three_wolves/install/three_wolves/lib/python3.8/site-packages:${PYTHONPATH} /usr/bin/python3 setup.py egg_info --egg-base build/three_wolves build --build-base /home/jaylon42/rrc_2021_ws/src/three_wolves/build/three_wolves/build install --prefix /home/jaylon42/rrc_2021_ws/src/three_wolves/install/three_wolves --record /home/jaylon42/rrc_2021_ws/src/three_wolves/build/three_wolves/install.log --single-version-externally-managed
